Using pre-set license
Built from '2022.3/respin/2022.3.62f2-4af31df585-v2' branch; Version is '2022.3.62f2 (7670c08855a9) revision 7762112'; Using compiler version '192829333'; Build Type 'Release'
OS: 'Windows 11  (10.0.26100) 64bit Professional' Language: 'zh' Physical Memory: 32557 MB
BatchMode: 1, IsHumanControllingUs: 0, StartBugReporterOnCrash: 0, Is64bit: 1, IsPro: 1

COMMAND LINE ARGUMENTS:
C:\Program Files\Unity\Hub\Editor\2022.3.62f2\Editor\Unity.exe
-adb2
-batchMode
-noUpm
-name
AssetImportWorker0
-projectPath
C:/Users/gigom/38_map
-logFile
Logs/AssetImportWorker0.log
-srvPort
55151
Successfully changed project path to: C:/Users/gigom/38_map
C:/Users/gigom/38_map
[UnityMemory] Configuration Parameters - Can be set up in boot.config
    "memorysetup-bucket-allocator-granularity=16"
    "memorysetup-bucket-allocator-bucket-count=8"
    "memorysetup-bucket-allocator-block-size=33554432"
    "memorysetup-bucket-allocator-block-count=8"
    "memorysetup-main-allocator-block-size=16777216"
    "memorysetup-thread-allocator-block-size=16777216"
    "memorysetup-gfx-main-allocator-block-size=16777216"
    "memorysetup-gfx-thread-allocator-block-size=16777216"
    "memorysetup-cache-allocator-block-size=4194304"
    "memorysetup-typetree-allocator-block-size=2097152"
    "memorysetup-profiler-bucket-allocator-granularity=16"
    "memorysetup-profiler-bucket-allocator-bucket-count=8"
    "memorysetup-profiler-bucket-allocator-block-size=33554432"
    "memorysetup-profiler-bucket-allocator-block-count=8"
    "memorysetup-profiler-allocator-block-size=16777216"
    "memorysetup-profiler-editor-allocator-block-size=1048576"
    "memorysetup-temp-allocator-size-main=16777216"
    "memorysetup-job-temp-allocator-block-size=2097152"
    "memorysetup-job-temp-allocator-block-size-background=1048576"
    "memorysetup-job-temp-allocator-reduction-small-platforms=262144"
    "memorysetup-allocator-temp-initial-block-size-main=262144"
    "memorysetup-allocator-temp-initial-block-size-worker=262144"
    "memorysetup-temp-allocator-size-background-worker=32768"
    "memorysetup-temp-allocator-size-job-worker=262144"
    "memorysetup-temp-allocator-size-preload-manager=33554432"
    "memorysetup-temp-allocator-size-nav-mesh-worker=65536"
    "memorysetup-temp-allocator-size-audio-worker=65536"
    "memorysetup-temp-allocator-size-cloud-worker=32768"
    "memorysetup-temp-allocator-size-gi-baking-worker=262144"
    "memorysetup-temp-allocator-size-gfx=262144"
Player connection [36312]  Target information:

Player connection [36312]  * "[IP] 192.168.0.13 [Port] 0 [Flags] 2 [Guid] 2641584338 [EditorId] 2641584338 [Version] 1048832 [Id] WindowsEditor(7,DESKTOP-R9A4V3S) [Debug] 1 [PackageName] WindowsEditor [ProjectName] Editor" 

Player connection [36312]  * "[IP] 25.29.130.37 [Port] 0 [Flags] 2 [Guid] 2641584338 [EditorId] 2641584338 [Version] 1048832 [Id] WindowsEditor(7,DESKTOP-R9A4V3S) [Debug] 1 [PackageName] WindowsEditor [ProjectName] Editor" 

Player connection [36312] Host joined multi-casting on [225.0.0.222:54997]...
Player connection [36312] Host joined alternative multi-casting on [225.0.0.222:34997]...
Input System module state changed to: Initialized.
[PhysX] Initialized MultithreadedTaskDispatcher with 20 workers.
Refreshing native plugins compatible for Editor in 8.76 ms, found 3 plugins.
Preloading 0 native plugins for Editor in 0.00 ms.
Initialize engine version: 2022.3.62f2 (7670c08855a9)
[Subsystems] Discovering subsystems at path C:/Program Files/Unity/Hub/Editor/2022.3.62f2/Editor/Data/Resources/UnitySubsystems
[Subsystems] Discovering subsystems at path C:/Users/gigom/38_map/Assets
GfxDevice: creating device client; threaded=0; jobified=0
Direct3D:
    Version:  Direct3D 11.0 [level 11.1]
    Renderer: NVIDIA GeForce RTX 4060 Ti (ID=0x2803)
    Vendor:   NVIDIA
    VRAM:     7949 MB
    Driver:   32.0.15.8180
Initialize mono
Mono path[0] = 'C:/Program Files/Unity/Hub/Editor/2022.3.62f2/Editor/Data/Managed'
Mono path[1] = 'C:/Program Files/Unity/Hub/Editor/2022.3.62f2/Editor/Data/MonoBleedingEdge/lib/mono/unityjit-win32'
Mono config path = 'C:/Program Files/Unity/Hub/Editor/2022.3.62f2/Editor/Data/MonoBleedingEdge/etc'
Using monoOptions --debugger-agent=transport=dt_socket,embedding=1,server=y,suspend=n,address=127.0.0.1:56904
Begin MonoManager ReloadAssembly
Registering precompiled unity dll's ...
Register platform support module: C:/Program Files/Unity/Hub/Editor/2022.3.62f2/Editor/Data/PlaybackEngines/WebGLSupport/UnityEditor.WebGL.Extensions.dll
Register platform support module: C:/Program Files/Unity/Hub/Editor/2022.3.62f2/Editor/Data/PlaybackEngines/WindowsStandaloneSupport/UnityEditor.WindowsStandalone.Extensions.dll
Register platform support module: C:/Program Files/Unity/Hub/Editor/2022.3.62f2/Editor/Data/PlaybackEngines/MetroSupport/UnityEditor.UWP.Extensions.dll
Registered in 0.010978 seconds.
- Loaded All Assemblies, in  0.254 seconds
Native extension for UWP target not found
Native extension for WindowsStandalone target not found
Native extension for WebGL target not found
Mono: successfully reloaded assembly
- Finished resetting the current domain, in  0.184 seconds
Domain Reload Profiling: 436ms
	BeginReloadAssembly (77ms)
		ExecutionOrderSort (0ms)
		DisableScriptedObjects (0ms)
		BackupInstance (0ms)
		ReleaseScriptingObjects (0ms)
		CreateAndSetChildDomain (0ms)
	RebuildCommonClasses (22ms)
	RebuildNativeTypeToScriptingClass (6ms)
	initialDomainReloadingComplete (47ms)
	LoadAllAssembliesAndSetupDomain (100ms)
		LoadAssemblies (76ms)
		RebuildTransferFunctionScriptingTraits (0ms)
		AnalyzeDomain (98ms)
			TypeCache.Refresh (97ms)
				TypeCache.ScanAssembly (87ms)
			ScanForSourceGeneratedMonoScriptInfo (0ms)
			ResolveRequiredComponents (0ms)
	FinalizeReload (184ms)
		ReleaseScriptCaches (0ms)
		RebuildScriptCaches (0ms)
		SetupLoadedEditorAssemblies (152ms)
			LogAssemblyErrors (0ms)
			InitializePlatformSupportModulesInManaged (11ms)
			SetLoadedEditorAssemblies (4ms)
			RefreshPlugins (0ms)
			BeforeProcessingInitializeOnLoad (2ms)
			ProcessInitializeOnLoadAttributes (104ms)
			ProcessInitializeOnLoadMethodAttributes (32ms)
			AfterProcessingInitializeOnLoad (0ms)
			EditorAssembliesLoaded (0ms)
		ExecutionOrderSort2 (0ms)
		AwakeInstancesAfterBackupRestoration (0ms)
========================================================================
Worker process is ready to serve import requests
Caller must complete domain reload
Begin MonoManager ReloadAssembly
- Loaded All Assemblies, in  0.448 seconds
Native extension for UWP target not found
Native extension for WindowsStandalone target not found
Native extension for WebGL target not found
Mono: successfully reloaded assembly
- Finished resetting the current domain, in  0.464 seconds
Domain Reload Profiling: 909ms
	BeginReloadAssembly (108ms)
		ExecutionOrderSort (0ms)
		DisableScriptedObjects (3ms)
		BackupInstance (0ms)
		ReleaseScriptingObjects (0ms)
		CreateAndSetChildDomain (14ms)
	RebuildCommonClasses (23ms)
	RebuildNativeTypeToScriptingClass (8ms)
	initialDomainReloadingComplete (34ms)
	LoadAllAssembliesAndSetupDomain (272ms)
		LoadAssemblies (227ms)
		RebuildTransferFunctionScriptingTraits (0ms)
		AnalyzeDomain (113ms)
			TypeCache.Refresh (100ms)
				TypeCache.ScanAssembly (91ms)
			ScanForSourceGeneratedMonoScriptInfo (9ms)
			ResolveRequiredComponents (3ms)
	FinalizeReload (465ms)
		ReleaseScriptCaches (0ms)
		RebuildScriptCaches (0ms)
		SetupLoadedEditorAssemblies (379ms)
			LogAssemblyErrors (0ms)
			InitializePlatformSupportModulesInManaged (7ms)
			SetLoadedEditorAssemblies (2ms)
			RefreshPlugins (0ms)
			BeforeProcessingInitializeOnLoad (41ms)
			ProcessInitializeOnLoadAttributes (310ms)
			ProcessInitializeOnLoadMethodAttributes (12ms)
			AfterProcessingInitializeOnLoad (7ms)
			EditorAssembliesLoaded (0ms)
		ExecutionOrderSort2 (0ms)
		AwakeInstancesAfterBackupRestoration (4ms)
Launched and connected shader compiler UnityShaderCompiler.exe after 0.04 seconds
Refreshing native plugins compatible for Editor in 2.74 ms, found 3 plugins.
Preloading 0 native plugins for Editor in 0.00 ms.
Unloading 3294 Unused Serialized files (Serialized files now loaded: 0)
Unloading 19 unused Assets / (55.0 KB). Loaded Objects now: 3761.
Memory consumption went from 127.4 MB to 127.3 MB.
Total: 2.476300 ms (FindLiveObjects: 0.152700 ms CreateObjectMapping: 0.041600 ms MarkObjects: 2.214400 ms  DeleteObjects: 0.066700 ms)

AssetImportParameters requested are different than current active one (requested -> active):
  custom:container-demuxer-ogg: 62fdf1f143b41e24485cea50d1cbac27 -> 
  custom:video-codec-MediaFoundation-h265: 746d11721c4dcdbdad8f713fa42b33f4 -> 
  custom:video-decoder-ogg-theora: a1e56fd34408186e4bbccfd4996cb3dc -> 
  custom:framework-win-MediaFoundation: 216162199b28c13a410421893ffa2e32 -> 
  custom:CustomObjectIndexerAttribute: 9a22284fe3817be447336de3de66b15e -> 
  custom:container-demuxer-webm: 4f35f7cbe854078d1ac9338744f61a02 -> 
  custom:container-muxer-webm: aa71ff27fc2769a1b78a27578f13a17b -> 
  custom:video-decoder-webm-vp8: 9c59270c3fd7afecdb556c50c9e8de78 -> 
  custom:SearchIndexIgnoredProperties: e643bd26f0fe6173181afceb89e7c659 -> 
  custom:AudioImporter_EditorPlatform: d09bf68614088b80899f8185d706f6e7 -> 
  custom:video-encoder-webm-vp8: eb34c28f22e8b96e1ab97ce403110664 -> 
  custom:audio-decoder-ogg-vorbis: bf7c407c2cedff20999df2af8eb42d56 -> 
  custom:audio-encoder-webm-vorbis: bf7c407c2cedff20999df2af8eb42d56 -> 
========================================================================
Received Import Request.
  Time since last request: 185241.034165 seconds.
  path: Assets/practice_2.unity
  artifactKey: Guid(3875d2331c40e4f47a527d3841d1820b) Importer(815301076,1909f56bfc062723c751e8b465ee728b)
Start importing Assets/practice_2.unity using Guid(3875d2331c40e4f47a527d3841d1820b) Importer(815301076,1909f56bfc062723c751e8b465ee728b) [PhysX] Initialized MultithreadedTaskDispatcher with 20 workers.
 -> (artifact id: 'bea0d424d1cdd5c2f7106c95c2ef2c1e') in 0.002175 seconds
Number of updated asset objects reloaded before import = 0
Number of asset objects unloaded after import = 0
========================================================================
Received Import Request.
  Time since last request: 6.662534 seconds.
  path: Assets/Scenes
  artifactKey: Guid(360094100166afb4689debd2037f5611) Importer(815301076,1909f56bfc062723c751e8b465ee728b)
Start importing Assets/Scenes using Guid(360094100166afb4689debd2037f5611) Importer(815301076,1909f56bfc062723c751e8b465ee728b) [PhysX] Initialized MultithreadedTaskDispatcher with 20 workers.
 -> (artifact id: '0890969d813bc19afcd24ad6dc254b1d') in 0.000481 seconds
Number of updated asset objects reloaded before import = 0
Number of asset objects unloaded after import = 0
========================================================================
Received Prepare
Caller must complete domain reload
Begin MonoManager ReloadAssembly
- Loaded All Assemblies, in  0.316 seconds
Native extension for UWP target not found
Native extension for WindowsStandalone target not found
Native extension for WebGL target not found
Mono: successfully reloaded assembly
- Finished resetting the current domain, in  0.738 seconds
Domain Reload Profiling: 1051ms
	BeginReloadAssembly (111ms)
		ExecutionOrderSort (0ms)
		DisableScriptedObjects (3ms)
		BackupInstance (0ms)
		ReleaseScriptingObjects (0ms)
		CreateAndSetChildDomain (25ms)
	RebuildCommonClasses (20ms)
	RebuildNativeTypeToScriptingClass (6ms)
	initialDomainReloadingComplete (22ms)
	LoadAllAssembliesAndSetupDomain (155ms)
		LoadAssemblies (197ms)
		RebuildTransferFunctionScriptingTraits (0ms)
		AnalyzeDomain (14ms)
			TypeCache.Refresh (5ms)
				TypeCache.ScanAssembly (0ms)
			ScanForSourceGeneratedMonoScriptInfo (4ms)
			ResolveRequiredComponents (3ms)
	FinalizeReload (738ms)
		ReleaseScriptCaches (0ms)
		RebuildScriptCaches (0ms)
		SetupLoadedEditorAssemblies (358ms)
			LogAssemblyErrors (0ms)
			InitializePlatformSupportModulesInManaged (7ms)
			SetLoadedEditorAssemblies (2ms)
			RefreshPlugins (0ms)
			BeforeProcessingInitializeOnLoad (40ms)
			ProcessInitializeOnLoadAttributes (289ms)
			ProcessInitializeOnLoadMethodAttributes (12ms)
			AfterProcessingInitializeOnLoad (8ms)
			EditorAssembliesLoaded (0ms)
		ExecutionOrderSort2 (0ms)
		AwakeInstancesAfterBackupRestoration (4ms)
Refreshing native plugins compatible for Editor in 3.04 ms, found 3 plugins.
Preloading 0 native plugins for Editor in 0.00 ms.
Unloading 3317 Unused Serialized files (Serialized files now loaded: 0)
Unloading 14 unused Assets / (28.5 KB). Loaded Objects now: 3796.
Memory consumption went from 126.9 MB to 126.8 MB.
Total: 2.016600 ms (FindLiveObjects: 0.141000 ms CreateObjectMapping: 0.041400 ms MarkObjects: 1.804100 ms  DeleteObjects: 0.029600 ms)

Prepare: number of updated asset objects reloaded= 0
AssetImportParameters requested are different than current active one (requested -> active):
  custom:scripting/monoscript/fileName/PlayerRespawnTrigger.cs: 14bd8d676f8438f2690abb49647cc3e5 -> 
  custom:scripting/monoscript/fileName/tpfloor.cs: 771145b79e45e534dde4e24c390e6667 -> 
  custom:container-demuxer-ogg: 62fdf1f143b41e24485cea50d1cbac27 -> 
  custom:scripting/monoscript/fileName/itemsortappear.cs: f6fe4337b857d5baf217ca29701a92d3 -> 
  custom:scripting/monoscript/fileName/Esc_continue.cs: b1f7741ea69331c1c6ca33d04f27acf1 -> 
  custom:video-codec-MediaFoundation-h265: 746d11721c4dcdbdad8f713fa42b33f4 -> 
  custom:scripting/monoscript/fileName/EyeOpenUI.cs: 6eacfc4475f5138cad33a83eff17978e -> 
  custom:video-decoder-ogg-theora: a1e56fd34408186e4bbccfd4996cb3dc -> 
  custom:framework-win-MediaFoundation: 216162199b28c13a410421893ffa2e32 -> 
  custom:scripting/monoscript/fileName/keyboarddetect.cs: e4515e4cba37cc0ee92fbdb80a72e7e6 -> 
  custom:scripting/monoscript/fileName/IntroLookAround.cs: 4b7ab11ed67558807482f4b1d120e1e5 -> 
  custom:scripting/monoscript/fileName/getitemvisible.cs: ca4feb7280f1f1416ae53558670e511a -> 
  custom:scripting/monoscript/fileName/ButtonHoverEffect.cs: d1155d57e5d2579de9ebbadd6d4467bd -> 
  custom:scripting/monoscript/fileName/ButtonDelay.cs: 852aba5c64d4cd27d05eafb69eb35de4 -> 
  custom:CustomObjectIndexerAttribute: 9a22284fe3817be447336de3de66b15e -> 
  custom:scripting/monoscript/fileName/control_ViewType.cs: 8a0579fdbcfca37646a771c85b5672a5 -> 
  custom:container-demuxer-webm: 4f35f7cbe854078d1ac9338744f61a02 -> 
  custom:scripting/monoscript/fileName/trigger_teachUI.cs: d62051537dd61a9321e6e4473cd71798 -> 
  custom:scripting/monoscript/fileName/countdown.cs: 3f8d945ee58288dfd00d222bc95ea123 -> 
  custom:scripting/monoscript/fileName/PlayerMovement_3D.cs: d4b7e47826cc1959459a41cddd821cde -> 
  custom:scripting/monoscript/fileName/free camera.cs: 55f55645360202980964dcb118805b36 -> 
  custom:scripting/monoscript/fileName/switchitemusing.cs: 5456346e92e9792590e802f37719f25a -> 
  custom:scripting/monoscript/fileName/EscUI.cs: 8af6f1d2843f05e65dc7a5f848af33b4 -> 
  custom:container-muxer-webm: aa71ff27fc2769a1b78a27578f13a17b -> 
  custom:scripting/monoscript/fileName/isplay.cs: b29da971a71b639ad17186f1403c3527 -> 
  custom:scripting/monoscript/fileName/healthsystem.cs: bd4e4c503603584840c0ff8918fa8a22 -> 
  custom:video-decoder-webm-vp8: 9c59270c3fd7afecdb556c50c9e8de78 -> 
  custom:scripting/monoscript/fileName/switch_scenes.cs: a81050d8493857ad4e1435186dde9392 -> 
  custom:SearchIndexIgnoredProperties: e643bd26f0fe6173181afceb89e7c659 -> 
  custom:AudioImporter_EditorPlatform: d09bf68614088b80899f8185d706f6e7 -> 
  custom:scripting/monoscript/fileName/getitem.cs: d3bd8001b10ab21eab0188a513fa79fa -> 
  custom:scripting/monoscript/fileName/QuitGame.cs: 5b669f1f803e6c3e0b708e144b6aaea5 -> 
  custom:scripting/monoscript/fileName/MouseLook.cs: 02bafd22af827e561c2131ae88bbd075 -> 
  custom:scripting/monoscript/fileName/Cameracontroller.cs: 9afc567523072d385e7e839f14f42a40 -> 
  custom:scripting/monoscript/fileName/xelevator.cs: e93ed92cbb2703f562d55b4ddd58563f -> 
  custom:video-encoder-webm-vp8: eb34c28f22e8b96e1ab97ce403110664 -> 
  custom:audio-decoder-ogg-vorbis: bf7c407c2cedff20999df2af8eb42d56 -> 
  custom:scripting/monoscript/fileName/yelevator.cs: c141b14ec7d10fba8822bad1447fd280 -> 
  custom:scripting/monoscript/fileName/rotationchanging.cs: b97d83ab6079bc42d6085832cda27eac -> 
  custom:audio-encoder-webm-vorbis: bf7c407c2cedff20999df2af8eb42d56 -> 
  custom:scripting/monoscript/fileName/IntroSequence.cs: ef7e8d6dcf98f70c017e513839b94a4f -> 
  custom:scripting/monoscript/fileName/switchcamera.cs: 42fa7a71a56a19c9d592c1b3ebbc62b5 -> 
  custom:scripting/precompiled-assembly-types:Assembly-CSharp: 9ab29898f29df018c0e78cd6d1c14051 -> fe84cd4711c0c308e5a0f0af3923322a
  custom:scripting/monoscript/fileName/walldetector.cs: 66a9754d1fead0e50969fc7677bb91bb -> 
  custom:scripting/monoscript/fileName/PlayerMovement_2D.cs: cae5de960c47d0e9127166bb8cd534f3 -> 
========================================================================
Received Import Request.
  Time since last request: 483.658666 seconds.
  path: Assets/Lab/Player.prefab
  artifactKey: Guid(8487b8c68d177bc47b629c429d54180e) Importer(815301076,1909f56bfc062723c751e8b465ee728b)
Start importing Assets/Lab/Player.prefab using Guid(8487b8c68d177bc47b629c429d54180e) Importer(815301076,1909f56bfc062723c751e8b465ee728b) [PhysX] Initialized MultithreadedTaskDispatcher with 20 workers.
 -> (artifact id: '474bed1f169ea9f6ce781794e934b2b4') in 0.021546 seconds
Number of updated asset objects reloaded before import = 0
Number of asset objects unloaded after import = 33
========================================================================
Received Import Request.
  Time since last request: 136.718281 seconds.
  path: Assets/Scenes/SampleScene.unity
  artifactKey: Guid(9fc0d4010bbf28b4594072e72b8655ab) Importer(815301076,1909f56bfc062723c751e8b465ee728b)
Start importing Assets/Scenes/SampleScene.unity using Guid(9fc0d4010bbf28b4594072e72b8655ab) Importer(815301076,1909f56bfc062723c751e8b465ee728b) [PhysX] Initialized MultithreadedTaskDispatcher with 20 workers.
 -> (artifact id: '2418d44e161e3ce2e8daeaa5c00c20e4') in 0.000536 seconds
Number of updated asset objects reloaded before import = 0
Number of asset objects unloaded after import = 0
========================================================================
Received Import Request.
  Time since last request: 0.500432 seconds.
  path: Assets/Scenes/map_01.unity
  artifactKey: Guid(83bb983491f4edc4f949316cae3acfc3) Importer(815301076,1909f56bfc062723c751e8b465ee728b)
Start importing Assets/Scenes/map_01.unity using Guid(83bb983491f4edc4f949316cae3acfc3) Importer(815301076,1909f56bfc062723c751e8b465ee728b) [PhysX] Initialized MultithreadedTaskDispatcher with 20 workers.
 -> (artifact id: '93e24f9874a7d293a7fefeaab9e92d6c') in 0.000450 seconds
Number of updated asset objects reloaded before import = 0
Number of asset objects unloaded after import = 0
========================================================================
Received Import Request.
  Time since last request: 22.346175 seconds.
  path: Assets/Scenes/map_01.unity
  artifactKey: Guid(83bb983491f4edc4f949316cae3acfc3) Importer(815301076,1909f56bfc062723c751e8b465ee728b)
Start importing Assets/Scenes/map_01.unity using Guid(83bb983491f4edc4f949316cae3acfc3) Importer(815301076,1909f56bfc062723c751e8b465ee728b) [PhysX] Initialized MultithreadedTaskDispatcher with 20 workers.
 -> (artifact id: '937ea585970ba845f7569e863e7f39da') in 0.000580 seconds
Number of updated asset objects reloaded before import = 0
Number of asset objects unloaded after import = 0
========================================================================
Received Import Request.
  Time since last request: 35.113714 seconds.
  path: Assets/Lab
  artifactKey: Guid(3d5bbab23c84fd24c864039fa75c429d) Importer(815301076,1909f56bfc062723c751e8b465ee728b)
Start importing Assets/Lab using Guid(3d5bbab23c84fd24c864039fa75c429d) Importer(815301076,1909f56bfc062723c751e8b465ee728b) [PhysX] Initialized MultithreadedTaskDispatcher with 20 workers.
 -> (artifact id: '36b32d1bc57deca24b059de2a0559c9a') in 0.000461 seconds
Number of updated asset objects reloaded before import = 0
Number of asset objects unloaded after import = 0
========================================================================
Received Import Request.
  Time since last request: 4.200261 seconds.
  path: Assets/Materials
  artifactKey: Guid(c32655efc2ec16746b72941b13e61b87) Importer(815301076,1909f56bfc062723c751e8b465ee728b)
Start importing Assets/Materials using Guid(c32655efc2ec16746b72941b13e61b87) Importer(815301076,1909f56bfc062723c751e8b465ee728b) [PhysX] Initialized MultithreadedTaskDispatcher with 20 workers.
 -> (artifact id: '34a423d4e0b3f7bb05840e9064e879c1') in 0.000402 seconds
Number of updated asset objects reloaded before import = 0
Number of asset objects unloaded after import = 0
========================================================================
Received Import Request.
  Time since last request: 0.830987 seconds.
  path: Assets/Materials/background.mat
  artifactKey: Guid(9d727bbac4d7b734b8dafdbaab8f2b55) Importer(815301076,1909f56bfc062723c751e8b465ee728b)
Start importing Assets/Materials/background.mat using Guid(9d727bbac4d7b734b8dafdbaab8f2b55) Importer(815301076,1909f56bfc062723c751e8b465ee728b) [PhysX] Initialized MultithreadedTaskDispatcher with 20 workers.
[PhysX] Initialized MultithreadedTaskDispatcher with 20 workers.
 -> (artifact id: '9e82f96f21845d48796131d1de9b98a1') in 0.116913 seconds
Number of updated asset objects reloaded before import = 0
Number of asset objects unloaded after import = 1
========================================================================
Received Import Request.
  Time since last request: 0.000019 seconds.
  path: Assets/Materials/cat 2.mat
  artifactKey: Guid(9ce4e8c5c9604954da453fcd061f2679) Importer(815301076,1909f56bfc062723c751e8b465ee728b)
Start importing Assets/Materials/cat 2.mat using Guid(9ce4e8c5c9604954da453fcd061f2679) Importer(815301076,1909f56bfc062723c751e8b465ee728b) [PhysX] Initialized MultithreadedTaskDispatcher with 20 workers.
[PhysX] Initialized MultithreadedTaskDispatcher with 20 workers.
 -> (artifact id: '9f28ee855782bd8d2a2f42fefad428b5') in 0.129230 seconds
Number of updated asset objects reloaded before import = 0
Number of asset objects unloaded after import = 1
========================================================================
Received Import Request.
  Time since last request: 3.484174 seconds.
  path: Assets/script
  artifactKey: Guid(0ddb18091c576d94b966aa95c58c95cf) Importer(815301076,1909f56bfc062723c751e8b465ee728b)
Start importing Assets/script using Guid(0ddb18091c576d94b966aa95c58c95cf) Importer(815301076,1909f56bfc062723c751e8b465ee728b) [PhysX] Initialized MultithreadedTaskDispatcher with 20 workers.
 -> (artifact id: 'c83a06f656d9937e5d37995fbe34b6dc') in 0.000388 seconds
Number of updated asset objects reloaded before import = 0
Number of asset objects unloaded after import = 0
========================================================================
Received Import Request.
  Time since last request: 16.065154 seconds.
  path: Assets/Scenes/Player.prefab
  artifactKey: Guid(3ab5ef9ade914a34480e0d0b510ad97f) Importer(815301076,1909f56bfc062723c751e8b465ee728b)
Start importing Assets/Scenes/Player.prefab using Guid(3ab5ef9ade914a34480e0d0b510ad97f) Importer(815301076,1909f56bfc062723c751e8b465ee728b) [PhysX] Initialized MultithreadedTaskDispatcher with 20 workers.
 -> (artifact id: '6a488480714946248e7028408a96f921') in 0.002371 seconds
Number of updated asset objects reloaded before import = 0
Number of asset objects unloaded after import = 37
========================================================================
Received Prepare
Caller must complete domain reload
Begin MonoManager ReloadAssembly
- Loaded All Assemblies, in  0.297 seconds
Native extension for UWP target not found
Native extension for WindowsStandalone target not found
Native extension for WebGL target not found
Mono: successfully reloaded assembly
- Finished resetting the current domain, in  0.758 seconds
Domain Reload Profiling: 1052ms
	BeginReloadAssembly (104ms)
		ExecutionOrderSort (0ms)
		DisableScriptedObjects (2ms)
		BackupInstance (0ms)
		ReleaseScriptingObjects (0ms)
		CreateAndSetChildDomain (21ms)
	RebuildCommonClasses (19ms)
	RebuildNativeTypeToScriptingClass (6ms)
	initialDomainReloadingComplete (21ms)
	LoadAllAssembliesAndSetupDomain (144ms)
		LoadAssemblies (193ms)
		RebuildTransferFunctionScriptingTraits (0ms)
		AnalyzeDomain (9ms)
			TypeCache.Refresh (4ms)
				TypeCache.ScanAssembly (0ms)
			ScanForSourceGeneratedMonoScriptInfo (0ms)
			ResolveRequiredComponents (3ms)
	FinalizeReload (759ms)
		ReleaseScriptCaches (0ms)
		RebuildScriptCaches (0ms)
		SetupLoadedEditorAssemblies (361ms)
			LogAssemblyErrors (0ms)
			InitializePlatformSupportModulesInManaged (7ms)
			SetLoadedEditorAssemblies (2ms)
			RefreshPlugins (0ms)
			BeforeProcessingInitializeOnLoad (41ms)
			ProcessInitializeOnLoadAttributes (291ms)
			ProcessInitializeOnLoadMethodAttributes (11ms)
			AfterProcessingInitializeOnLoad (8ms)
			EditorAssembliesLoaded (0ms)
		ExecutionOrderSort2 (0ms)
		AwakeInstancesAfterBackupRestoration (5ms)
Refreshing native plugins compatible for Editor in 3.00 ms, found 3 plugins.
Preloading 0 native plugins for Editor in 0.00 ms.
Unloading 3317 Unused Serialized files (Serialized files now loaded: 0)
Unloading 14 unused Assets / (28.5 KB). Loaded Objects now: 3841.
Memory consumption went from 131.6 MB to 131.6 MB.
Total: 2.041900 ms (FindLiveObjects: 0.145500 ms CreateObjectMapping: 0.040100 ms MarkObjects: 1.824800 ms  DeleteObjects: 0.030900 ms)

Prepare: number of updated asset objects reloaded= 0
AssetImportParameters requested are different than current active one (requested -> active):
  custom:scripting/monoscript/fileName/PlayerRespawnTrigger.cs: 14bd8d676f8438f2690abb49647cc3e5 -> 
  custom:scripting/monoscript/fileName/tpfloor.cs: 771145b79e45e534dde4e24c390e6667 -> 
  custom:container-demuxer-ogg: 62fdf1f143b41e24485cea50d1cbac27 -> 
  custom:scripting/monoscript/fileName/itemsortappear.cs: f6fe4337b857d5baf217ca29701a92d3 -> 
  custom:scripting/monoscript/fileName/Esc_continue.cs: b1f7741ea69331c1c6ca33d04f27acf1 -> 
  custom:video-codec-MediaFoundation-h265: 746d11721c4dcdbdad8f713fa42b33f4 -> 
  custom:scripting/monoscript/fileName/EyeOpenUI.cs: 6eacfc4475f5138cad33a83eff17978e -> 
  custom:video-decoder-ogg-theora: a1e56fd34408186e4bbccfd4996cb3dc -> 
  custom:framework-win-MediaFoundation: 216162199b28c13a410421893ffa2e32 -> 
  custom:scripting/monoscript/fileName/keyboarddetect.cs: e4515e4cba37cc0ee92fbdb80a72e7e6 -> 
  custom:scripting/monoscript/fileName/IntroLookAround.cs: 4b7ab11ed67558807482f4b1d120e1e5 -> 
  custom:scripting/monoscript/fileName/getitemvisible.cs: ca4feb7280f1f1416ae53558670e511a -> 
  custom:scripting/monoscript/fileName/ButtonHoverEffect.cs: d1155d57e5d2579de9ebbadd6d4467bd -> 
  custom:scripting/monoscript/fileName/ButtonDelay.cs: 852aba5c64d4cd27d05eafb69eb35de4 -> 
  custom:CustomObjectIndexerAttribute: 9a22284fe3817be447336de3de66b15e -> 
  custom:scripting/monoscript/fileName/control_ViewType.cs: 8a0579fdbcfca37646a771c85b5672a5 -> 
  custom:container-demuxer-webm: 4f35f7cbe854078d1ac9338744f61a02 -> 
  custom:scripting/monoscript/fileName/trigger_teachUI.cs: d62051537dd61a9321e6e4473cd71798 -> 
  custom:scripting/monoscript/fileName/countdown.cs: 3f8d945ee58288dfd00d222bc95ea123 -> 
  custom:scripting/monoscript/fileName/PlayerMovement_3D.cs: d4b7e47826cc1959459a41cddd821cde -> 
  custom:scripting/monoscript/fileName/free camera.cs: 55f55645360202980964dcb118805b36 -> 
  custom:scripting/monoscript/fileName/switchitemusing.cs: 5456346e92e9792590e802f37719f25a -> 
  custom:scripting/monoscript/fileName/EscUI.cs: 8af6f1d2843f05e65dc7a5f848af33b4 -> 
  custom:container-muxer-webm: aa71ff27fc2769a1b78a27578f13a17b -> 
  custom:scripting/monoscript/fileName/isplay.cs: b29da971a71b639ad17186f1403c3527 -> 
  custom:scripting/monoscript/fileName/healthsystem.cs: bd4e4c503603584840c0ff8918fa8a22 -> 
  custom:video-decoder-webm-vp8: 9c59270c3fd7afecdb556c50c9e8de78 -> 
  custom:scripting/monoscript/fileName/switch_scenes.cs: a81050d8493857ad4e1435186dde9392 -> 
  custom:SearchIndexIgnoredProperties: e643bd26f0fe6173181afceb89e7c659 -> 
  custom:AudioImporter_EditorPlatform: d09bf68614088b80899f8185d706f6e7 -> 
  custom:scripting/monoscript/fileName/getitem.cs: d3bd8001b10ab21eab0188a513fa79fa -> 
  custom:scripting/monoscript/fileName/QuitGame.cs: 5b669f1f803e6c3e0b708e144b6aaea5 -> 
  custom:scripting/monoscript/fileName/MouseLook.cs: 02bafd22af827e561c2131ae88bbd075 -> 
  custom:scripting/monoscript/fileName/Cameracontroller.cs: 9afc567523072d385e7e839f14f42a40 -> 
  custom:scripting/monoscript/fileName/xelevator.cs: e93ed92cbb2703f562d55b4ddd58563f -> 
  custom:video-encoder-webm-vp8: eb34c28f22e8b96e1ab97ce403110664 -> 
  custom:audio-decoder-ogg-vorbis: bf7c407c2cedff20999df2af8eb42d56 -> 
  custom:scripting/monoscript/fileName/yelevator.cs: c141b14ec7d10fba8822bad1447fd280 -> 
  custom:scripting/monoscript/fileName/rotationchanging.cs: b97d83ab6079bc42d6085832cda27eac -> 
  custom:audio-encoder-webm-vorbis: bf7c407c2cedff20999df2af8eb42d56 -> 
  custom:scripting/monoscript/fileName/IntroSequence.cs: ef7e8d6dcf98f70c017e513839b94a4f -> 
  custom:scripting/monoscript/fileName/switchcamera.cs: 42fa7a71a56a19c9d592c1b3ebbc62b5 -> 
  custom:scripting/precompiled-assembly-types:Assembly-CSharp: 9ab29898f29df018c0e78cd6d1c14051 -> fe84cd4711c0c308e5a0f0af3923322a
  custom:scripting/monoscript/fileName/walldetector.cs: 66a9754d1fead0e50969fc7677bb91bb -> 
  custom:scripting/monoscript/fileName/PlayerMovement_2D.cs: cae5de960c47d0e9127166bb8cd534f3 -> 
========================================================================
Received Prepare
Caller must complete domain reload
Begin MonoManager ReloadAssembly
- Loaded All Assemblies, in  0.304 seconds
Native extension for UWP target not found
Native extension for WindowsStandalone target not found
Native extension for WebGL target not found
Mono: successfully reloaded assembly
- Finished resetting the current domain, in  0.731 seconds
Domain Reload Profiling: 1033ms
	BeginReloadAssembly (106ms)
		ExecutionOrderSort (0ms)
		DisableScriptedObjects (3ms)
		BackupInstance (0ms)
		ReleaseScriptingObjects (0ms)
		CreateAndSetChildDomain (19ms)
	RebuildCommonClasses (26ms)
	RebuildNativeTypeToScriptingClass (6ms)
	initialDomainReloadingComplete (20ms)
	LoadAllAssembliesAndSetupDomain (144ms)
		LoadAssemblies (196ms)
		RebuildTransferFunctionScriptingTraits (0ms)
		AnalyzeDomain (8ms)
			TypeCache.Refresh (4ms)
				TypeCache.ScanAssembly (0ms)
			ScanForSourceGeneratedMonoScriptInfo (0ms)
			ResolveRequiredComponents (3ms)
	FinalizeReload (732ms)
		ReleaseScriptCaches (0ms)
		RebuildScriptCaches (0ms)
		SetupLoadedEditorAssemblies (357ms)
			LogAssemblyErrors (0ms)
			InitializePlatformSupportModulesInManaged (8ms)
			SetLoadedEditorAssemblies (2ms)
			RefreshPlugins (0ms)
			BeforeProcessingInitializeOnLoad (43ms)
			ProcessInitializeOnLoadAttributes (285ms)
			ProcessInitializeOnLoadMethodAttributes (13ms)
			AfterProcessingInitializeOnLoad (7ms)
			EditorAssembliesLoaded (0ms)
		ExecutionOrderSort2 (0ms)
		AwakeInstancesAfterBackupRestoration (5ms)
Refreshing native plugins compatible for Editor in 3.17 ms, found 3 plugins.
Preloading 0 native plugins for Editor in 0.00 ms.
Unloading 3318 Unused Serialized files (Serialized files now loaded: 0)
Unloading 14 unused Assets / (28.5 KB). Loaded Objects now: 3845.
Memory consumption went from 131.9 MB to 131.9 MB.
Total: 2.149600 ms (FindLiveObjects: 0.155700 ms CreateObjectMapping: 0.046900 ms MarkObjects: 1.914200 ms  DeleteObjects: 0.031900 ms)

Prepare: number of updated asset objects reloaded= 0
AssetImportParameters requested are different than current active one (requested -> active):
  custom:scripting/monoscript/fileName/PlayerRespawnTrigger.cs: 14bd8d676f8438f2690abb49647cc3e5 -> 
  custom:scripting/monoscript/fileName/tpfloor.cs: 771145b79e45e534dde4e24c390e6667 -> 
  custom:container-demuxer-ogg: 62fdf1f143b41e24485cea50d1cbac27 -> 
  custom:scripting/monoscript/fileName/itemsortappear.cs: f6fe4337b857d5baf217ca29701a92d3 -> 
  custom:scripting/monoscript/fileName/Esc_continue.cs: b1f7741ea69331c1c6ca33d04f27acf1 -> 
  custom:video-codec-MediaFoundation-h265: 746d11721c4dcdbdad8f713fa42b33f4 -> 
  custom:scripting/monoscript/fileName/EyeOpenUI.cs: 6eacfc4475f5138cad33a83eff17978e -> 
  custom:video-decoder-ogg-theora: a1e56fd34408186e4bbccfd4996cb3dc -> 
  custom:framework-win-MediaFoundation: 216162199b28c13a410421893ffa2e32 -> 
  custom:scripting/monoscript/fileName/keyboarddetect.cs: e4515e4cba37cc0ee92fbdb80a72e7e6 -> 
  custom:scripting/monoscript/fileName/IntroLookAround.cs: 4b7ab11ed67558807482f4b1d120e1e5 -> 
  custom:scripting/monoscript/fileName/getitemvisible.cs: ca4feb7280f1f1416ae53558670e511a -> 
  custom:scripting/monoscript/fileName/ButtonHoverEffect.cs: d1155d57e5d2579de9ebbadd6d4467bd -> 
  custom:scripting/monoscript/fileName/ButtonDelay.cs: 852aba5c64d4cd27d05eafb69eb35de4 -> 
  custom:CustomObjectIndexerAttribute: 9a22284fe3817be447336de3de66b15e -> 
  custom:scripting/monoscript/fileName/control_ViewType.cs: 8a0579fdbcfca37646a771c85b5672a5 -> 
  custom:container-demuxer-webm: 4f35f7cbe854078d1ac9338744f61a02 -> 
  custom:scripting/monoscript/fileName/trigger_teachUI.cs: d62051537dd61a9321e6e4473cd71798 -> 
  custom:scripting/monoscript/fileName/countdown.cs: 3f8d945ee58288dfd00d222bc95ea123 -> 
  custom:scripting/monoscript/fileName/PlayerMovement_3D.cs: d4b7e47826cc1959459a41cddd821cde -> 
  custom:scripting/monoscript/fileName/free camera.cs: 55f55645360202980964dcb118805b36 -> 
  custom:scripting/monoscript/fileName/switchitemusing.cs: 5456346e92e9792590e802f37719f25a -> 
  custom:scripting/monoscript/fileName/EscUI.cs: 8af6f1d2843f05e65dc7a5f848af33b4 -> 
  custom:container-muxer-webm: aa71ff27fc2769a1b78a27578f13a17b -> 
  custom:scripting/monoscript/fileName/isplay.cs: b29da971a71b639ad17186f1403c3527 -> 
  custom:scripting/monoscript/fileName/healthsystem.cs: bd4e4c503603584840c0ff8918fa8a22 -> 
  custom:video-decoder-webm-vp8: 9c59270c3fd7afecdb556c50c9e8de78 -> 
  custom:scripting/monoscript/fileName/switch_scenes.cs: a81050d8493857ad4e1435186dde9392 -> 
  custom:SearchIndexIgnoredProperties: e643bd26f0fe6173181afceb89e7c659 -> 
  custom:AudioImporter_EditorPlatform: d09bf68614088b80899f8185d706f6e7 -> 
  custom:scripting/monoscript/fileName/getitem.cs: d3bd8001b10ab21eab0188a513fa79fa -> 
  custom:scripting/monoscript/fileName/QuitGame.cs: 5b669f1f803e6c3e0b708e144b6aaea5 -> 
  custom:scripting/monoscript/fileName/MouseLook.cs: 02bafd22af827e561c2131ae88bbd075 -> 
  custom:scripting/monoscript/fileName/Cameracontroller.cs: 9afc567523072d385e7e839f14f42a40 -> 
  custom:scripting/monoscript/fileName/xelevator.cs: e93ed92cbb2703f562d55b4ddd58563f -> 
  custom:video-encoder-webm-vp8: eb34c28f22e8b96e1ab97ce403110664 -> 
  custom:audio-decoder-ogg-vorbis: bf7c407c2cedff20999df2af8eb42d56 -> 
  custom:scripting/monoscript/fileName/yelevator.cs: c141b14ec7d10fba8822bad1447fd280 -> 
  custom:scripting/monoscript/fileName/rotationchanging.cs: b97d83ab6079bc42d6085832cda27eac -> 
  custom:audio-encoder-webm-vorbis: bf7c407c2cedff20999df2af8eb42d56 -> 
  custom:scripting/monoscript/fileName/IntroSequence.cs: ef7e8d6dcf98f70c017e513839b94a4f -> 
  custom:scripting/monoscript/fileName/switchcamera.cs: 42fa7a71a56a19c9d592c1b3ebbc62b5 -> 
  custom:scripting/precompiled-assembly-types:Assembly-CSharp: 9ab29898f29df018c0e78cd6d1c14051 -> fe84cd4711c0c308e5a0f0af3923322a
  custom:scripting/monoscript/fileName/walldetector.cs: 66a9754d1fead0e50969fc7677bb91bb -> 
  custom:scripting/monoscript/fileName/PlayerMovement_2D.cs: cae5de960c47d0e9127166bb8cd534f3 -> 
========================================================================
Received Import Request.
  Time since last request: 101.106721 seconds.
  path: Assets/RespawnPoint.prefab
  artifactKey: Guid(e63a933a7e7411a45931bb0b874ad9ca) Importer(815301076,1909f56bfc062723c751e8b465ee728b)
Start importing Assets/RespawnPoint.prefab using Guid(e63a933a7e7411a45931bb0b874ad9ca) Importer(815301076,1909f56bfc062723c751e8b465ee728b) [PhysX] Initialized MultithreadedTaskDispatcher with 20 workers.
 -> (artifact id: '0a413fd3408420727420f886b7f3edae') in 0.022266 seconds
Number of updated asset objects reloaded before import = 0
Number of asset objects unloaded after import = 4
========================================================================
Received Prepare
Caller must complete domain reload
Begin MonoManager ReloadAssembly
- Loaded All Assemblies, in  0.305 seconds
Native extension for UWP target not found
Native extension for WindowsStandalone target not found
Native extension for WebGL target not found
Mono: successfully reloaded assembly
- Finished resetting the current domain, in  0.779 seconds
Domain Reload Profiling: 1081ms
	BeginReloadAssembly (108ms)
		ExecutionOrderSort (0ms)
		DisableScriptedObjects (3ms)
		BackupInstance (0ms)
		ReleaseScriptingObjects (0ms)
		CreateAndSetChildDomain (21ms)
	RebuildCommonClasses (20ms)
	RebuildNativeTypeToScriptingClass (6ms)
	initialDomainReloadingComplete (22ms)
	LoadAllAssembliesAndSetupDomain (147ms)
		LoadAssemblies (198ms)
		RebuildTransferFunctionScriptingTraits (0ms)
		AnalyzeDomain (9ms)
			TypeCache.Refresh (4ms)
				TypeCache.ScanAssembly (0ms)
			ScanForSourceGeneratedMonoScriptInfo (0ms)
			ResolveRequiredComponents (3ms)
	FinalizeReload (779ms)
		ReleaseScriptCaches (0ms)
		RebuildScriptCaches (0ms)
		SetupLoadedEditorAssemblies (362ms)
			LogAssemblyErrors (0ms)
			InitializePlatformSupportModulesInManaged (8ms)
			SetLoadedEditorAssemblies (2ms)
			RefreshPlugins (0ms)
			BeforeProcessingInitializeOnLoad (42ms)
			ProcessInitializeOnLoadAttributes (291ms)
			ProcessInitializeOnLoadMethodAttributes (12ms)
			AfterProcessingInitializeOnLoad (6ms)
			EditorAssembliesLoaded (0ms)
		ExecutionOrderSort2 (0ms)
		AwakeInstancesAfterBackupRestoration (4ms)
Refreshing native plugins compatible for Editor in 2.89 ms, found 3 plugins.
Preloading 0 native plugins for Editor in 0.00 ms.
Unloading 3317 Unused Serialized files (Serialized files now loaded: 0)
Unloading 14 unused Assets / (28.5 KB). Loaded Objects now: 3849.
Memory consumption went from 131.6 MB to 131.6 MB.
Total: 2.154100 ms (FindLiveObjects: 0.152900 ms CreateObjectMapping: 0.044300 ms MarkObjects: 1.923600 ms  DeleteObjects: 0.032200 ms)

Prepare: number of updated asset objects reloaded= 0
AssetImportParameters requested are different than current active one (requested -> active):
  custom:scripting/monoscript/fileName/PlayerRespawnTrigger.cs: 14bd8d676f8438f2690abb49647cc3e5 -> 
  custom:scripting/monoscript/fileName/tpfloor.cs: 771145b79e45e534dde4e24c390e6667 -> 
  custom:container-demuxer-ogg: 62fdf1f143b41e24485cea50d1cbac27 -> 
  custom:scripting/monoscript/fileName/itemsortappear.cs: f6fe4337b857d5baf217ca29701a92d3 -> 
  custom:scripting/monoscript/fileName/Esc_continue.cs: b1f7741ea69331c1c6ca33d04f27acf1 -> 
  custom:video-codec-MediaFoundation-h265: 746d11721c4dcdbdad8f713fa42b33f4 -> 
  custom:scripting/monoscript/fileName/EyeOpenUI.cs: 6eacfc4475f5138cad33a83eff17978e -> 
  custom:video-decoder-ogg-theora: a1e56fd34408186e4bbccfd4996cb3dc -> 
  custom:framework-win-MediaFoundation: 216162199b28c13a410421893ffa2e32 -> 
  custom:scripting/monoscript/fileName/keyboarddetect.cs: e4515e4cba37cc0ee92fbdb80a72e7e6 -> 
  custom:scripting/monoscript/fileName/IntroLookAround.cs: 4b7ab11ed67558807482f4b1d120e1e5 -> 
  custom:scripting/monoscript/fileName/getitemvisible.cs: ca4feb7280f1f1416ae53558670e511a -> 
  custom:scripting/monoscript/fileName/ButtonHoverEffect.cs: d1155d57e5d2579de9ebbadd6d4467bd -> 
  custom:scripting/monoscript/fileName/ButtonDelay.cs: 852aba5c64d4cd27d05eafb69eb35de4 -> 
  custom:CustomObjectIndexerAttribute: 9a22284fe3817be447336de3de66b15e -> 
  custom:scripting/monoscript/fileName/control_ViewType.cs: 8a0579fdbcfca37646a771c85b5672a5 -> 
  custom:container-demuxer-webm: 4f35f7cbe854078d1ac9338744f61a02 -> 
  custom:scripting/monoscript/fileName/trigger_teachUI.cs: d62051537dd61a9321e6e4473cd71798 -> 
  custom:scripting/monoscript/fileName/countdown.cs: 3f8d945ee58288dfd00d222bc95ea123 -> 
  custom:scripting/monoscript/fileName/PlayerMovement_3D.cs: d4b7e47826cc1959459a41cddd821cde -> 
  custom:scripting/monoscript/fileName/free camera.cs: 55f55645360202980964dcb118805b36 -> 
  custom:scripting/monoscript/fileName/switchitemusing.cs: 5456346e92e9792590e802f37719f25a -> 
  custom:scripting/monoscript/fileName/EscUI.cs: 8af6f1d2843f05e65dc7a5f848af33b4 -> 
  custom:container-muxer-webm: aa71ff27fc2769a1b78a27578f13a17b -> 
  custom:scripting/monoscript/fileName/isplay.cs: b29da971a71b639ad17186f1403c3527 -> 
  custom:scripting/monoscript/fileName/healthsystem.cs: bd4e4c503603584840c0ff8918fa8a22 -> 
  custom:video-decoder-webm-vp8: 9c59270c3fd7afecdb556c50c9e8de78 -> 
  custom:scripting/monoscript/fileName/switch_scenes.cs: a81050d8493857ad4e1435186dde9392 -> 
  custom:SearchIndexIgnoredProperties: e643bd26f0fe6173181afceb89e7c659 -> 
  custom:AudioImporter_EditorPlatform: d09bf68614088b80899f8185d706f6e7 -> 
  custom:scripting/monoscript/fileName/getitem.cs: d3bd8001b10ab21eab0188a513fa79fa -> 
  custom:scripting/monoscript/fileName/QuitGame.cs: 5b669f1f803e6c3e0b708e144b6aaea5 -> 
  custom:scripting/monoscript/fileName/MouseLook.cs: 02bafd22af827e561c2131ae88bbd075 -> 
  custom:scripting/monoscript/fileName/Cameracontroller.cs: 9afc567523072d385e7e839f14f42a40 -> 
  custom:scripting/monoscript/fileName/xelevator.cs: e93ed92cbb2703f562d55b4ddd58563f -> 
  custom:video-encoder-webm-vp8: eb34c28f22e8b96e1ab97ce403110664 -> 
  custom:audio-decoder-ogg-vorbis: bf7c407c2cedff20999df2af8eb42d56 -> 
  custom:scripting/monoscript/fileName/yelevator.cs: c141b14ec7d10fba8822bad1447fd280 -> 
  custom:scripting/monoscript/fileName/rotationchanging.cs: b97d83ab6079bc42d6085832cda27eac -> 
  custom:audio-encoder-webm-vorbis: bf7c407c2cedff20999df2af8eb42d56 -> 
  custom:scripting/monoscript/fileName/IntroSequence.cs: ef7e8d6dcf98f70c017e513839b94a4f -> 
  custom:scripting/monoscript/fileName/switchcamera.cs: 42fa7a71a56a19c9d592c1b3ebbc62b5 -> 
  custom:scripting/precompiled-assembly-types:Assembly-CSharp: 9ab29898f29df018c0e78cd6d1c14051 -> fe84cd4711c0c308e5a0f0af3923322a
  custom:scripting/monoscript/fileName/walldetector.cs: 66a9754d1fead0e50969fc7677bb91bb -> 
  custom:scripting/monoscript/fileName/PlayerMovement_2D.cs: cae5de960c47d0e9127166bb8cd534f3 -> 
========================================================================
Received Import Request.
  Time since last request: 79.025228 seconds.
  path: Assets/Player.prefab
  artifactKey: Guid(d3a095102c845c94085f4c86dfccd2c8) Importer(815301076,1909f56bfc062723c751e8b465ee728b)
Start importing Assets/Player.prefab using Guid(d3a095102c845c94085f4c86dfccd2c8) Importer(815301076,1909f56bfc062723c751e8b465ee728b) [PhysX] Initialized MultithreadedTaskDispatcher with 20 workers.
 -> (artifact id: '3c6e80ceddbefd14538e1216e80cf987') in 0.026625 seconds
Number of updated asset objects reloaded before import = 0
Number of asset objects unloaded after import = 33
========================================================================
Received Import Request.
  Time since last request: 21.025513 seconds.
  path: Assets/Player 1.prefab
  artifactKey: Guid(f25b52bfc6b5ec94fb1b73f2dbff284a) Importer(815301076,1909f56bfc062723c751e8b465ee728b)
Start importing Assets/Player 1.prefab using Guid(f25b52bfc6b5ec94fb1b73f2dbff284a) Importer(815301076,1909f56bfc062723c751e8b465ee728b) [PhysX] Initialized MultithreadedTaskDispatcher with 20 workers.
 -> (artifact id: '57141a19a68b1a39c807f98711e59b05') in 0.002411 seconds
Number of updated asset objects reloaded before import = 0
Number of asset objects unloaded after import = 12
========================================================================
Received Prepare
Caller must complete domain reload
Begin MonoManager ReloadAssembly
- Loaded All Assemblies, in  0.305 seconds
Native extension for UWP target not found
Native extension for WindowsStandalone target not found
Native extension for WebGL target not found
Mono: successfully reloaded assembly
- Finished resetting the current domain, in  0.735 seconds
Domain Reload Profiling: 1036ms
	BeginReloadAssembly (104ms)
		ExecutionOrderSort (0ms)
		DisableScriptedObjects (3ms)
		BackupInstance (0ms)
		ReleaseScriptingObjects (0ms)
		CreateAndSetChildDomain (20ms)
	RebuildCommonClasses (21ms)
	RebuildNativeTypeToScriptingClass (6ms)
	initialDomainReloadingComplete (21ms)
	LoadAllAssembliesAndSetupDomain (149ms)
		LoadAssemblies (197ms)
		RebuildTransferFunctionScriptingTraits (0ms)
		AnalyzeDomain (9ms)
			TypeCache.Refresh (4ms)
				TypeCache.ScanAssembly (0ms)
			ScanForSourceGeneratedMonoScriptInfo (0ms)
			ResolveRequiredComponents (3ms)
	FinalizeReload (735ms)
		ReleaseScriptCaches (0ms)
		RebuildScriptCaches (0ms)
		SetupLoadedEditorAssemblies (364ms)
			LogAssemblyErrors (0ms)
			InitializePlatformSupportModulesInManaged (8ms)
			SetLoadedEditorAssemblies (2ms)
			RefreshPlugins (0ms)
			BeforeProcessingInitializeOnLoad (43ms)
			ProcessInitializeOnLoadAttributes (293ms)
			ProcessInitializeOnLoadMethodAttributes (11ms)
			AfterProcessingInitializeOnLoad (7ms)
			EditorAssembliesLoaded (0ms)
		ExecutionOrderSort2 (0ms)
		AwakeInstancesAfterBackupRestoration (4ms)
Refreshing native plugins compatible for Editor in 3.31 ms, found 3 plugins.
Preloading 0 native plugins for Editor in 0.00 ms.
Unloading 3317 Unused Serialized files (Serialized files now loaded: 0)
Unloading 14 unused Assets / (28.5 KB). Loaded Objects now: 3853.
Memory consumption went from 131.6 MB to 131.6 MB.
Total: 2.687000 ms (FindLiveObjects: 0.154300 ms CreateObjectMapping: 0.046700 ms MarkObjects: 2.447500 ms  DeleteObjects: 0.037700 ms)

Prepare: number of updated asset objects reloaded= 0
AssetImportParameters requested are different than current active one (requested -> active):
  custom:scripting/monoscript/fileName/PlayerRespawnTrigger.cs: 14bd8d676f8438f2690abb49647cc3e5 -> 
  custom:scripting/monoscript/fileName/tpfloor.cs: 771145b79e45e534dde4e24c390e6667 -> 
  custom:container-demuxer-ogg: 62fdf1f143b41e24485cea50d1cbac27 -> 
  custom:scripting/monoscript/fileName/itemsortappear.cs: f6fe4337b857d5baf217ca29701a92d3 -> 
  custom:scripting/monoscript/fileName/Esc_continue.cs: b1f7741ea69331c1c6ca33d04f27acf1 -> 
  custom:video-codec-MediaFoundation-h265: 746d11721c4dcdbdad8f713fa42b33f4 -> 
  custom:scripting/monoscript/fileName/EyeOpenUI.cs: 6eacfc4475f5138cad33a83eff17978e -> 
  custom:video-decoder-ogg-theora: a1e56fd34408186e4bbccfd4996cb3dc -> 
  custom:framework-win-MediaFoundation: 216162199b28c13a410421893ffa2e32 -> 
  custom:scripting/monoscript/fileName/keyboarddetect.cs: e4515e4cba37cc0ee92fbdb80a72e7e6 -> 
  custom:scripting/monoscript/fileName/IntroLookAround.cs: 4b7ab11ed67558807482f4b1d120e1e5 -> 
  custom:scripting/monoscript/fileName/getitemvisible.cs: ca4feb7280f1f1416ae53558670e511a -> 
  custom:scripting/monoscript/fileName/ButtonHoverEffect.cs: d1155d57e5d2579de9ebbadd6d4467bd -> 
  custom:scripting/monoscript/fileName/ButtonDelay.cs: 852aba5c64d4cd27d05eafb69eb35de4 -> 
  custom:CustomObjectIndexerAttribute: 9a22284fe3817be447336de3de66b15e -> 
  custom:scripting/monoscript/fileName/control_ViewType.cs: 8a0579fdbcfca37646a771c85b5672a5 -> 
  custom:container-demuxer-webm: 4f35f7cbe854078d1ac9338744f61a02 -> 
  custom:scripting/monoscript/fileName/trigger_teachUI.cs: d62051537dd61a9321e6e4473cd71798 -> 
  custom:scripting/monoscript/fileName/countdown.cs: 3f8d945ee58288dfd00d222bc95ea123 -> 
  custom:scripting/monoscript/fileName/PlayerMovement_3D.cs: d4b7e47826cc1959459a41cddd821cde -> 
  custom:scripting/monoscript/fileName/free camera.cs: 55f55645360202980964dcb118805b36 -> 
  custom:scripting/monoscript/fileName/switchitemusing.cs: 5456346e92e9792590e802f37719f25a -> 
  custom:scripting/monoscript/fileName/EscUI.cs: 8af6f1d2843f05e65dc7a5f848af33b4 -> 
  custom:container-muxer-webm: aa71ff27fc2769a1b78a27578f13a17b -> 
  custom:scripting/monoscript/fileName/isplay.cs: b29da971a71b639ad17186f1403c3527 -> 
  custom:scripting/monoscript/fileName/healthsystem.cs: bd4e4c503603584840c0ff8918fa8a22 -> 
  custom:video-decoder-webm-vp8: 9c59270c3fd7afecdb556c50c9e8de78 -> 
  custom:scripting/monoscript/fileName/switch_scenes.cs: a81050d8493857ad4e1435186dde9392 -> 
  custom:SearchIndexIgnoredProperties: e643bd26f0fe6173181afceb89e7c659 -> 
  custom:AudioImporter_EditorPlatform: d09bf68614088b80899f8185d706f6e7 -> 
  custom:scripting/monoscript/fileName/getitem.cs: d3bd8001b10ab21eab0188a513fa79fa -> 
  custom:scripting/monoscript/fileName/QuitGame.cs: 5b669f1f803e6c3e0b708e144b6aaea5 -> 
  custom:scripting/monoscript/fileName/MouseLook.cs: 02bafd22af827e561c2131ae88bbd075 -> 
  custom:scripting/monoscript/fileName/Cameracontroller.cs: 9afc567523072d385e7e839f14f42a40 -> 
  custom:scripting/monoscript/fileName/xelevator.cs: e93ed92cbb2703f562d55b4ddd58563f -> 
  custom:video-encoder-webm-vp8: eb34c28f22e8b96e1ab97ce403110664 -> 
  custom:audio-decoder-ogg-vorbis: bf7c407c2cedff20999df2af8eb42d56 -> 
  custom:scripting/monoscript/fileName/yelevator.cs: c141b14ec7d10fba8822bad1447fd280 -> 
  custom:scripting/monoscript/fileName/rotationchanging.cs: b97d83ab6079bc42d6085832cda27eac -> 
  custom:audio-encoder-webm-vorbis: bf7c407c2cedff20999df2af8eb42d56 -> 
  custom:scripting/monoscript/fileName/IntroSequence.cs: ef7e8d6dcf98f70c017e513839b94a4f -> 
  custom:scripting/monoscript/fileName/switchcamera.cs: 42fa7a71a56a19c9d592c1b3ebbc62b5 -> 
  custom:scripting/precompiled-assembly-types:Assembly-CSharp: 9ab29898f29df018c0e78cd6d1c14051 -> fe84cd4711c0c308e5a0f0af3923322a
  custom:scripting/monoscript/fileName/walldetector.cs: 66a9754d1fead0e50969fc7677bb91bb -> 
  custom:scripting/monoscript/fileName/PlayerMovement_2D.cs: cae5de960c47d0e9127166bb8cd534f3 -> 
========================================================================
Received Prepare
Caller must complete domain reload
Begin MonoManager ReloadAssembly
- Loaded All Assemblies, in  0.293 seconds
Native extension for UWP target not found
Native extension for WindowsStandalone target not found
Native extension for WebGL target not found
Mono: successfully reloaded assembly
- Finished resetting the current domain, in  0.741 seconds
Domain Reload Profiling: 1031ms
	BeginReloadAssembly (103ms)
		ExecutionOrderSort (0ms)
		DisableScriptedObjects (3ms)
		BackupInstance (0ms)
		ReleaseScriptingObjects (0ms)
		CreateAndSetChildDomain (19ms)
	RebuildCommonClasses (20ms)
	RebuildNativeTypeToScriptingClass (6ms)
	initialDomainReloadingComplete (21ms)
	LoadAllAssembliesAndSetupDomain (141ms)
		LoadAssemblies (189ms)
		RebuildTransferFunctionScriptingTraits (0ms)
		AnalyzeDomain (9ms)
			TypeCache.Refresh (5ms)
				TypeCache.ScanAssembly (0ms)
			ScanForSourceGeneratedMonoScriptInfo (0ms)
			ResolveRequiredComponents (3ms)
	FinalizeReload (741ms)
		ReleaseScriptCaches (0ms)
		RebuildScriptCaches (0ms)
		SetupLoadedEditorAssemblies (363ms)
			LogAssemblyErrors (0ms)
			InitializePlatformSupportModulesInManaged (9ms)
			SetLoadedEditorAssemblies (2ms)
			RefreshPlugins (0ms)
			BeforeProcessingInitializeOnLoad (43ms)
			ProcessInitializeOnLoadAttributes (290ms)
			ProcessInitializeOnLoadMethodAttributes (11ms)
			AfterProcessingInitializeOnLoad (7ms)
			EditorAssembliesLoaded (0ms)
		ExecutionOrderSort2 (0ms)
		AwakeInstancesAfterBackupRestoration (4ms)
Refreshing native plugins compatible for Editor in 2.83 ms, found 3 plugins.
Preloading 0 native plugins for Editor in 0.00 ms.
Unloading 3318 Unused Serialized files (Serialized files now loaded: 0)
Unloading 14 unused Assets / (28.5 KB). Loaded Objects now: 3857.
Memory consumption went from 131.9 MB to 131.9 MB.
Total: 2.044800 ms (FindLiveObjects: 0.160700 ms CreateObjectMapping: 0.043000 ms MarkObjects: 1.803200 ms  DeleteObjects: 0.037000 ms)

Prepare: number of updated asset objects reloaded= 0
AssetImportParameters requested are different than current active one (requested -> active):
  custom:scripting/monoscript/fileName/PlayerRespawnTrigger.cs: 14bd8d676f8438f2690abb49647cc3e5 -> 
  custom:scripting/monoscript/fileName/tpfloor.cs: 771145b79e45e534dde4e24c390e6667 -> 
  custom:container-demuxer-ogg: 62fdf1f143b41e24485cea50d1cbac27 -> 
  custom:scripting/monoscript/fileName/itemsortappear.cs: f6fe4337b857d5baf217ca29701a92d3 -> 
  custom:scripting/monoscript/fileName/Esc_continue.cs: b1f7741ea69331c1c6ca33d04f27acf1 -> 
  custom:video-codec-MediaFoundation-h265: 746d11721c4dcdbdad8f713fa42b33f4 -> 
  custom:scripting/monoscript/fileName/EyeOpenUI.cs: 6eacfc4475f5138cad33a83eff17978e -> 
  custom:video-decoder-ogg-theora: a1e56fd34408186e4bbccfd4996cb3dc -> 
  custom:framework-win-MediaFoundation: 216162199b28c13a410421893ffa2e32 -> 
  custom:scripting/monoscript/fileName/keyboarddetect.cs: e4515e4cba37cc0ee92fbdb80a72e7e6 -> 
  custom:scripting/monoscript/fileName/IntroLookAround.cs: 4b7ab11ed67558807482f4b1d120e1e5 -> 
  custom:scripting/monoscript/fileName/getitemvisible.cs: ca4feb7280f1f1416ae53558670e511a -> 
  custom:scripting/monoscript/fileName/ButtonHoverEffect.cs: d1155d57e5d2579de9ebbadd6d4467bd -> 
  custom:scripting/monoscript/fileName/ButtonDelay.cs: 852aba5c64d4cd27d05eafb69eb35de4 -> 
  custom:CustomObjectIndexerAttribute: 9a22284fe3817be447336de3de66b15e -> 
  custom:scripting/monoscript/fileName/control_ViewType.cs: 8a0579fdbcfca37646a771c85b5672a5 -> 
  custom:container-demuxer-webm: 4f35f7cbe854078d1ac9338744f61a02 -> 
  custom:scripting/monoscript/fileName/trigger_teachUI.cs: d62051537dd61a9321e6e4473cd71798 -> 
  custom:scripting/monoscript/fileName/countdown.cs: 3f8d945ee58288dfd00d222bc95ea123 -> 
  custom:scripting/monoscript/fileName/PlayerMovement_3D.cs: d4b7e47826cc1959459a41cddd821cde -> 
  custom:scripting/monoscript/fileName/free camera.cs: 55f55645360202980964dcb118805b36 -> 
  custom:scripting/monoscript/fileName/switchitemusing.cs: 5456346e92e9792590e802f37719f25a -> 
  custom:scripting/monoscript/fileName/EscUI.cs: 8af6f1d2843f05e65dc7a5f848af33b4 -> 
  custom:container-muxer-webm: aa71ff27fc2769a1b78a27578f13a17b -> 
  custom:scripting/monoscript/fileName/isplay.cs: b29da971a71b639ad17186f1403c3527 -> 
  custom:scripting/monoscript/fileName/healthsystem.cs: bd4e4c503603584840c0ff8918fa8a22 -> 
  custom:video-decoder-webm-vp8: 9c59270c3fd7afecdb556c50c9e8de78 -> 
  custom:scripting/monoscript/fileName/switch_scenes.cs: a81050d8493857ad4e1435186dde9392 -> 
  custom:SearchIndexIgnoredProperties: e643bd26f0fe6173181afceb89e7c659 -> 
  custom:AudioImporter_EditorPlatform: d09bf68614088b80899f8185d706f6e7 -> 
  custom:scripting/monoscript/fileName/getitem.cs: d3bd8001b10ab21eab0188a513fa79fa -> 
  custom:scripting/monoscript/fileName/QuitGame.cs: 5b669f1f803e6c3e0b708e144b6aaea5 -> 
  custom:scripting/monoscript/fileName/MouseLook.cs: 02bafd22af827e561c2131ae88bbd075 -> 
  custom:scripting/monoscript/fileName/Cameracontroller.cs: 9afc567523072d385e7e839f14f42a40 -> 
  custom:scripting/monoscript/fileName/xelevator.cs: e93ed92cbb2703f562d55b4ddd58563f -> 
  custom:video-encoder-webm-vp8: eb34c28f22e8b96e1ab97ce403110664 -> 
  custom:audio-decoder-ogg-vorbis: bf7c407c2cedff20999df2af8eb42d56 -> 
  custom:scripting/monoscript/fileName/yelevator.cs: c141b14ec7d10fba8822bad1447fd280 -> 
  custom:scripting/monoscript/fileName/rotationchanging.cs: b97d83ab6079bc42d6085832cda27eac -> 
  custom:audio-encoder-webm-vorbis: bf7c407c2cedff20999df2af8eb42d56 -> 
  custom:scripting/monoscript/fileName/IntroSequence.cs: ef7e8d6dcf98f70c017e513839b94a4f -> 
  custom:scripting/monoscript/fileName/switchcamera.cs: 42fa7a71a56a19c9d592c1b3ebbc62b5 -> 
  custom:scripting/precompiled-assembly-types:Assembly-CSharp: 9ab29898f29df018c0e78cd6d1c14051 -> fe84cd4711c0c308e5a0f0af3923322a
  custom:scripting/monoscript/fileName/walldetector.cs: 66a9754d1fead0e50969fc7677bb91bb -> 
  custom:scripting/monoscript/fileName/PlayerMovement_2D.cs: cae5de960c47d0e9127166bb8cd534f3 -> 
========================================================================
Received Prepare
Caller must complete domain reload
Begin MonoManager ReloadAssembly
- Loaded All Assemblies, in  0.300 seconds
Native extension for UWP target not found
Native extension for WindowsStandalone target not found
Native extension for WebGL target not found
Mono: successfully reloaded assembly
- Finished resetting the current domain, in  0.750 seconds
Domain Reload Profiling: 1047ms
	BeginReloadAssembly (106ms)
		ExecutionOrderSort (0ms)
		DisableScriptedObjects (3ms)
		BackupInstance (0ms)
		ReleaseScriptingObjects (0ms)
		CreateAndSetChildDomain (19ms)
	RebuildCommonClasses (21ms)
	RebuildNativeTypeToScriptingClass (6ms)
	initialDomainReloadingComplete (23ms)
	LoadAllAssembliesAndSetupDomain (141ms)
		LoadAssemblies (192ms)
		RebuildTransferFunctionScriptingTraits (0ms)
		AnalyzeDomain (9ms)
			TypeCache.Refresh (5ms)
				TypeCache.ScanAssembly (0ms)
			ScanForSourceGeneratedMonoScriptInfo (0ms)
			ResolveRequiredComponents (3ms)
	FinalizeReload (750ms)
		ReleaseScriptCaches (0ms)
		RebuildScriptCaches (0ms)
		SetupLoadedEditorAssemblies (376ms)
			LogAssemblyErrors (0ms)
			InitializePlatformSupportModulesInManaged (8ms)
			SetLoadedEditorAssemblies (2ms)
			RefreshPlugins (0ms)
			BeforeProcessingInitializeOnLoad (43ms)
			ProcessInitializeOnLoadAttributes (304ms)
			ProcessInitializeOnLoadMethodAttributes (11ms)
			AfterProcessingInitializeOnLoad (8ms)
			EditorAssembliesLoaded (0ms)
		ExecutionOrderSort2 (0ms)
		AwakeInstancesAfterBackupRestoration (4ms)
Refreshing native plugins compatible for Editor in 3.29 ms, found 3 plugins.
Preloading 0 native plugins for Editor in 0.00 ms.
Unloading 3318 Unused Serialized files (Serialized files now loaded: 0)
Unloading 14 unused Assets / (28.5 KB). Loaded Objects now: 3861.
Memory consumption went from 131.9 MB to 131.9 MB.
Total: 2.176800 ms (FindLiveObjects: 0.190700 ms CreateObjectMapping: 0.047200 ms MarkObjects: 1.906600 ms  DeleteObjects: 0.031100 ms)

Prepare: number of updated asset objects reloaded= 0
AssetImportParameters requested are different than current active one (requested -> active):
  custom:scripting/monoscript/fileName/PlayerRespawnTrigger.cs: 14bd8d676f8438f2690abb49647cc3e5 -> 
  custom:scripting/monoscript/fileName/tpfloor.cs: 771145b79e45e534dde4e24c390e6667 -> 
  custom:container-demuxer-ogg: 62fdf1f143b41e24485cea50d1cbac27 -> 
  custom:scripting/monoscript/fileName/itemsortappear.cs: f6fe4337b857d5baf217ca29701a92d3 -> 
  custom:scripting/monoscript/fileName/Esc_continue.cs: b1f7741ea69331c1c6ca33d04f27acf1 -> 
  custom:video-codec-MediaFoundation-h265: 746d11721c4dcdbdad8f713fa42b33f4 -> 
  custom:scripting/monoscript/fileName/EyeOpenUI.cs: 6eacfc4475f5138cad33a83eff17978e -> 
  custom:video-decoder-ogg-theora: a1e56fd34408186e4bbccfd4996cb3dc -> 
  custom:framework-win-MediaFoundation: 216162199b28c13a410421893ffa2e32 -> 
  custom:scripting/monoscript/fileName/keyboarddetect.cs: e4515e4cba37cc0ee92fbdb80a72e7e6 -> 
  custom:scripting/monoscript/fileName/IntroLookAround.cs: 4b7ab11ed67558807482f4b1d120e1e5 -> 
  custom:scripting/monoscript/fileName/getitemvisible.cs: ca4feb7280f1f1416ae53558670e511a -> 
  custom:scripting/monoscript/fileName/ButtonHoverEffect.cs: d1155d57e5d2579de9ebbadd6d4467bd -> 
  custom:scripting/monoscript/fileName/ButtonDelay.cs: 852aba5c64d4cd27d05eafb69eb35de4 -> 
  custom:CustomObjectIndexerAttribute: 9a22284fe3817be447336de3de66b15e -> 
  custom:scripting/monoscript/fileName/control_ViewType.cs: 8a0579fdbcfca37646a771c85b5672a5 -> 
  custom:container-demuxer-webm: 4f35f7cbe854078d1ac9338744f61a02 -> 
  custom:scripting/monoscript/fileName/trigger_teachUI.cs: d62051537dd61a9321e6e4473cd71798 -> 
  custom:scripting/monoscript/fileName/countdown.cs: 3f8d945ee58288dfd00d222bc95ea123 -> 
  custom:scripting/monoscript/fileName/PlayerMovement_3D.cs: d4b7e47826cc1959459a41cddd821cde -> 
  custom:scripting/monoscript/fileName/free camera.cs: 55f55645360202980964dcb118805b36 -> 
  custom:scripting/monoscript/fileName/switchitemusing.cs: 5456346e92e9792590e802f37719f25a -> 
  custom:scripting/monoscript/fileName/EscUI.cs: 8af6f1d2843f05e65dc7a5f848af33b4 -> 
  custom:container-muxer-webm: aa71ff27fc2769a1b78a27578f13a17b -> 
  custom:scripting/monoscript/fileName/isplay.cs: b29da971a71b639ad17186f1403c3527 -> 
  custom:scripting/monoscript/fileName/healthsystem.cs: bd4e4c503603584840c0ff8918fa8a22 -> 
  custom:video-decoder-webm-vp8: 9c59270c3fd7afecdb556c50c9e8de78 -> 
  custom:scripting/monoscript/fileName/switch_scenes.cs: a81050d8493857ad4e1435186dde9392 -> 
  custom:SearchIndexIgnoredProperties: e643bd26f0fe6173181afceb89e7c659 -> 
  custom:AudioImporter_EditorPlatform: d09bf68614088b80899f8185d706f6e7 -> 
  custom:scripting/monoscript/fileName/getitem.cs: d3bd8001b10ab21eab0188a513fa79fa -> 
  custom:scripting/monoscript/fileName/QuitGame.cs: 5b669f1f803e6c3e0b708e144b6aaea5 -> 
  custom:scripting/monoscript/fileName/MouseLook.cs: 02bafd22af827e561c2131ae88bbd075 -> 
  custom:scripting/monoscript/fileName/Cameracontroller.cs: 9afc567523072d385e7e839f14f42a40 -> 
  custom:scripting/monoscript/fileName/xelevator.cs: e93ed92cbb2703f562d55b4ddd58563f -> 
  custom:video-encoder-webm-vp8: eb34c28f22e8b96e1ab97ce403110664 -> 
  custom:audio-decoder-ogg-vorbis: bf7c407c2cedff20999df2af8eb42d56 -> 
  custom:scripting/monoscript/fileName/yelevator.cs: c141b14ec7d10fba8822bad1447fd280 -> 
  custom:scripting/monoscript/fileName/rotationchanging.cs: b97d83ab6079bc42d6085832cda27eac -> 
  custom:audio-encoder-webm-vorbis: bf7c407c2cedff20999df2af8eb42d56 -> 
  custom:scripting/monoscript/fileName/IntroSequence.cs: ef7e8d6dcf98f70c017e513839b94a4f -> 
  custom:scripting/monoscript/fileName/switchcamera.cs: 42fa7a71a56a19c9d592c1b3ebbc62b5 -> 
  custom:scripting/precompiled-assembly-types:Assembly-CSharp: 9ab29898f29df018c0e78cd6d1c14051 -> fe84cd4711c0c308e5a0f0af3923322a
  custom:scripting/monoscript/fileName/walldetector.cs: 66a9754d1fead0e50969fc7677bb91bb -> 
  custom:scripting/monoscript/fileName/PlayerMovement_2D.cs: cae5de960c47d0e9127166bb8cd534f3 -> 
========================================================================
Received Prepare
Caller must complete domain reload
Begin MonoManager ReloadAssembly
- Loaded All Assemblies, in  0.295 seconds
Native extension for UWP target not found
Native extension for WindowsStandalone target not found
Native extension for WebGL target not found
Mono: successfully reloaded assembly
- Finished resetting the current domain, in  0.726 seconds
Domain Reload Profiling: 1018ms
	BeginReloadAssembly (104ms)
		ExecutionOrderSort (0ms)
		DisableScriptedObjects (3ms)
		BackupInstance (0ms)
		ReleaseScriptingObjects (0ms)
		CreateAndSetChildDomain (19ms)
	RebuildCommonClasses (21ms)
	RebuildNativeTypeToScriptingClass (6ms)
	initialDomainReloadingComplete (21ms)
	LoadAllAssembliesAndSetupDomain (140ms)
		LoadAssemblies (188ms)
		RebuildTransferFunctionScriptingTraits (0ms)
		AnalyzeDomain (9ms)
			TypeCache.Refresh (5ms)
				TypeCache.ScanAssembly (0ms)
			ScanForSourceGeneratedMonoScriptInfo (0ms)
			ResolveRequiredComponents (3ms)
	FinalizeReload (726ms)
		ReleaseScriptCaches (0ms)
		RebuildScriptCaches (0ms)
		SetupLoadedEditorAssemblies (360ms)
			LogAssemblyErrors (0ms)
			InitializePlatformSupportModulesInManaged (7ms)
			SetLoadedEditorAssemblies (2ms)
			RefreshPlugins (0ms)
			BeforeProcessingInitializeOnLoad (42ms)
			ProcessInitializeOnLoadAttributes (291ms)
			ProcessInitializeOnLoadMethodAttributes (12ms)
			AfterProcessingInitializeOnLoad (7ms)
			EditorAssembliesLoaded (0ms)
		ExecutionOrderSort2 (0ms)
		AwakeInstancesAfterBackupRestoration (5ms)
Refreshing native plugins compatible for Editor in 2.93 ms, found 3 plugins.
Preloading 0 native plugins for Editor in 0.00 ms.
Unloading 3318 Unused Serialized files (Serialized files now loaded: 0)
Unloading 14 unused Assets / (28.5 KB). Loaded Objects now: 3865.
Memory consumption went from 131.9 MB to 131.9 MB.
Total: 2.888900 ms (FindLiveObjects: 0.161000 ms CreateObjectMapping: 0.049000 ms MarkObjects: 2.641600 ms  DeleteObjects: 0.036500 ms)

Prepare: number of updated asset objects reloaded= 0
AssetImportParameters requested are different than current active one (requested -> active):
  custom:scripting/monoscript/fileName/PlayerRespawnTrigger.cs: 14bd8d676f8438f2690abb49647cc3e5 -> 
  custom:scripting/monoscript/fileName/tpfloor.cs: 771145b79e45e534dde4e24c390e6667 -> 
  custom:container-demuxer-ogg: 62fdf1f143b41e24485cea50d1cbac27 -> 
  custom:scripting/monoscript/fileName/itemsortappear.cs: f6fe4337b857d5baf217ca29701a92d3 -> 
  custom:scripting/monoscript/fileName/Esc_continue.cs: b1f7741ea69331c1c6ca33d04f27acf1 -> 
  custom:video-codec-MediaFoundation-h265: 746d11721c4dcdbdad8f713fa42b33f4 -> 
  custom:scripting/monoscript/fileName/EyeOpenUI.cs: 6eacfc4475f5138cad33a83eff17978e -> 
  custom:video-decoder-ogg-theora: a1e56fd34408186e4bbccfd4996cb3dc -> 
  custom:framework-win-MediaFoundation: 216162199b28c13a410421893ffa2e32 -> 
  custom:scripting/monoscript/fileName/keyboarddetect.cs: e4515e4cba37cc0ee92fbdb80a72e7e6 -> 
  custom:scripting/monoscript/fileName/IntroLookAround.cs: 4b7ab11ed67558807482f4b1d120e1e5 -> 
  custom:scripting/monoscript/fileName/getitemvisible.cs: ca4feb7280f1f1416ae53558670e511a -> 
  custom:scripting/monoscript/fileName/ButtonHoverEffect.cs: d1155d57e5d2579de9ebbadd6d4467bd -> 
  custom:scripting/monoscript/fileName/ButtonDelay.cs: 852aba5c64d4cd27d05eafb69eb35de4 -> 
  custom:CustomObjectIndexerAttribute: 9a22284fe3817be447336de3de66b15e -> 
  custom:scripting/monoscript/fileName/control_ViewType.cs: 8a0579fdbcfca37646a771c85b5672a5 -> 
  custom:container-demuxer-webm: 4f35f7cbe854078d1ac9338744f61a02 -> 
  custom:scripting/monoscript/fileName/trigger_teachUI.cs: d62051537dd61a9321e6e4473cd71798 -> 
  custom:scripting/monoscript/fileName/countdown.cs: 3f8d945ee58288dfd00d222bc95ea123 -> 
  custom:scripting/monoscript/fileName/PlayerMovement_3D.cs: d4b7e47826cc1959459a41cddd821cde -> 
  custom:scripting/monoscript/fileName/free camera.cs: 55f55645360202980964dcb118805b36 -> 
  custom:scripting/monoscript/fileName/switchitemusing.cs: 5456346e92e9792590e802f37719f25a -> 
  custom:scripting/monoscript/fileName/EscUI.cs: 8af6f1d2843f05e65dc7a5f848af33b4 -> 
  custom:container-muxer-webm: aa71ff27fc2769a1b78a27578f13a17b -> 
  custom:scripting/monoscript/fileName/isplay.cs: b29da971a71b639ad17186f1403c3527 -> 
  custom:scripting/monoscript/fileName/healthsystem.cs: bd4e4c503603584840c0ff8918fa8a22 -> 
  custom:video-decoder-webm-vp8: 9c59270c3fd7afecdb556c50c9e8de78 -> 
  custom:scripting/monoscript/fileName/switch_scenes.cs: a81050d8493857ad4e1435186dde9392 -> 
  custom:SearchIndexIgnoredProperties: e643bd26f0fe6173181afceb89e7c659 -> 
  custom:AudioImporter_EditorPlatform: d09bf68614088b80899f8185d706f6e7 -> 
  custom:scripting/monoscript/fileName/getitem.cs: d3bd8001b10ab21eab0188a513fa79fa -> 
  custom:scripting/monoscript/fileName/QuitGame.cs: 5b669f1f803e6c3e0b708e144b6aaea5 -> 
  custom:scripting/monoscript/fileName/MouseLook.cs: 02bafd22af827e561c2131ae88bbd075 -> 
  custom:scripting/monoscript/fileName/Cameracontroller.cs: 9afc567523072d385e7e839f14f42a40 -> 
  custom:scripting/monoscript/fileName/xelevator.cs: e93ed92cbb2703f562d55b4ddd58563f -> 
  custom:video-encoder-webm-vp8: eb34c28f22e8b96e1ab97ce403110664 -> 
  custom:audio-decoder-ogg-vorbis: bf7c407c2cedff20999df2af8eb42d56 -> 
  custom:scripting/monoscript/fileName/yelevator.cs: c141b14ec7d10fba8822bad1447fd280 -> 
  custom:scripting/monoscript/fileName/rotationchanging.cs: b97d83ab6079bc42d6085832cda27eac -> 
  custom:audio-encoder-webm-vorbis: bf7c407c2cedff20999df2af8eb42d56 -> 
  custom:scripting/monoscript/fileName/IntroSequence.cs: ef7e8d6dcf98f70c017e513839b94a4f -> 
  custom:scripting/monoscript/fileName/switchcamera.cs: 42fa7a71a56a19c9d592c1b3ebbc62b5 -> 
  custom:scripting/precompiled-assembly-types:Assembly-CSharp: 9ab29898f29df018c0e78cd6d1c14051 -> fe84cd4711c0c308e5a0f0af3923322a
  custom:scripting/monoscript/fileName/walldetector.cs: 66a9754d1fead0e50969fc7677bb91bb -> 
  custom:scripting/monoscript/fileName/PlayerMovement_2D.cs: cae5de960c47d0e9127166bb8cd534f3 -> 
========================================================================
Received Prepare
Caller must complete domain reload
Begin MonoManager ReloadAssembly
- Loaded All Assemblies, in  0.296 seconds
Native extension for UWP target not found
Native extension for WindowsStandalone target not found
Native extension for WebGL target not found
Mono: successfully reloaded assembly
- Finished resetting the current domain, in  0.725 seconds
Domain Reload Profiling: 1019ms
	BeginReloadAssembly (103ms)
		ExecutionOrderSort (0ms)
		DisableScriptedObjects (3ms)
		BackupInstance (0ms)
		ReleaseScriptingObjects (0ms)
		CreateAndSetChildDomain (19ms)
	RebuildCommonClasses (20ms)
	RebuildNativeTypeToScriptingClass (6ms)
	initialDomainReloadingComplete (21ms)
	LoadAllAssembliesAndSetupDomain (145ms)
		LoadAssemblies (192ms)
		RebuildTransferFunctionScriptingTraits (0ms)
		AnalyzeDomain (10ms)
			TypeCache.Refresh (4ms)
				TypeCache.ScanAssembly (0ms)
			ScanForSourceGeneratedMonoScriptInfo (0ms)
			ResolveRequiredComponents (5ms)
	FinalizeReload (725ms)
		ReleaseScriptCaches (0ms)
		RebuildScriptCaches (0ms)
		SetupLoadedEditorAssemblies (365ms)
			LogAssemblyErrors (0ms)
			InitializePlatformSupportModulesInManaged (7ms)
			SetLoadedEditorAssemblies (2ms)
			RefreshPlugins (0ms)
			BeforeProcessingInitializeOnLoad (44ms)
			ProcessInitializeOnLoadAttributes (293ms)
			ProcessInitializeOnLoadMethodAttributes (11ms)
			AfterProcessingInitializeOnLoad (7ms)
			EditorAssembliesLoaded (0ms)
		ExecutionOrderSort2 (0ms)
		AwakeInstancesAfterBackupRestoration (4ms)
Refreshing native plugins compatible for Editor in 2.84 ms, found 3 plugins.
Preloading 0 native plugins for Editor in 0.00 ms.
Unloading 3318 Unused Serialized files (Serialized files now loaded: 0)
Unloading 14 unused Assets / (28.5 KB). Loaded Objects now: 3869.
Memory consumption went from 131.9 MB to 131.9 MB.
Total: 2.075500 ms (FindLiveObjects: 0.151200 ms CreateObjectMapping: 0.042900 ms MarkObjects: 1.853000 ms  DeleteObjects: 0.027900 ms)

Prepare: number of updated asset objects reloaded= 0
AssetImportParameters requested are different than current active one (requested -> active):
  custom:scripting/monoscript/fileName/PlayerRespawnTrigger.cs: 14bd8d676f8438f2690abb49647cc3e5 -> 
  custom:scripting/monoscript/fileName/tpfloor.cs: 771145b79e45e534dde4e24c390e6667 -> 
  custom:container-demuxer-ogg: 62fdf1f143b41e24485cea50d1cbac27 -> 
  custom:scripting/monoscript/fileName/itemsortappear.cs: f6fe4337b857d5baf217ca29701a92d3 -> 
  custom:scripting/monoscript/fileName/Esc_continue.cs: b1f7741ea69331c1c6ca33d04f27acf1 -> 
  custom:video-codec-MediaFoundation-h265: 746d11721c4dcdbdad8f713fa42b33f4 -> 
  custom:scripting/monoscript/fileName/EyeOpenUI.cs: 6eacfc4475f5138cad33a83eff17978e -> 
  custom:video-decoder-ogg-theora: a1e56fd34408186e4bbccfd4996cb3dc -> 
  custom:framework-win-MediaFoundation: 216162199b28c13a410421893ffa2e32 -> 
  custom:scripting/monoscript/fileName/keyboarddetect.cs: e4515e4cba37cc0ee92fbdb80a72e7e6 -> 
  custom:scripting/monoscript/fileName/IntroLookAround.cs: 4b7ab11ed67558807482f4b1d120e1e5 -> 
  custom:scripting/monoscript/fileName/getitemvisible.cs: ca4feb7280f1f1416ae53558670e511a -> 
  custom:scripting/monoscript/fileName/ButtonHoverEffect.cs: d1155d57e5d2579de9ebbadd6d4467bd -> 
  custom:scripting/monoscript/fileName/ButtonDelay.cs: 852aba5c64d4cd27d05eafb69eb35de4 -> 
  custom:CustomObjectIndexerAttribute: 9a22284fe3817be447336de3de66b15e -> 
  custom:scripting/monoscript/fileName/control_ViewType.cs: 8a0579fdbcfca37646a771c85b5672a5 -> 
  custom:container-demuxer-webm: 4f35f7cbe854078d1ac9338744f61a02 -> 
  custom:scripting/monoscript/fileName/trigger_teachUI.cs: d62051537dd61a9321e6e4473cd71798 -> 
  custom:scripting/monoscript/fileName/countdown.cs: 3f8d945ee58288dfd00d222bc95ea123 -> 
  custom:scripting/monoscript/fileName/PlayerMovement_3D.cs: d4b7e47826cc1959459a41cddd821cde -> 
  custom:scripting/monoscript/fileName/free camera.cs: 55f55645360202980964dcb118805b36 -> 
  custom:scripting/monoscript/fileName/switchitemusing.cs: 5456346e92e9792590e802f37719f25a -> 
  custom:scripting/monoscript/fileName/EscUI.cs: 8af6f1d2843f05e65dc7a5f848af33b4 -> 
  custom:container-muxer-webm: aa71ff27fc2769a1b78a27578f13a17b -> 
  custom:scripting/monoscript/fileName/isplay.cs: b29da971a71b639ad17186f1403c3527 -> 
  custom:scripting/monoscript/fileName/healthsystem.cs: bd4e4c503603584840c0ff8918fa8a22 -> 
  custom:video-decoder-webm-vp8: 9c59270c3fd7afecdb556c50c9e8de78 -> 
  custom:scripting/monoscript/fileName/switch_scenes.cs: a81050d8493857ad4e1435186dde9392 -> 
  custom:SearchIndexIgnoredProperties: e643bd26f0fe6173181afceb89e7c659 -> 
  custom:AudioImporter_EditorPlatform: d09bf68614088b80899f8185d706f6e7 -> 
  custom:scripting/monoscript/fileName/getitem.cs: d3bd8001b10ab21eab0188a513fa79fa -> 
  custom:scripting/monoscript/fileName/QuitGame.cs: 5b669f1f803e6c3e0b708e144b6aaea5 -> 
  custom:scripting/monoscript/fileName/MouseLook.cs: 02bafd22af827e561c2131ae88bbd075 -> 
  custom:scripting/monoscript/fileName/Cameracontroller.cs: 9afc567523072d385e7e839f14f42a40 -> 
  custom:scripting/monoscript/fileName/xelevator.cs: e93ed92cbb2703f562d55b4ddd58563f -> 
  custom:video-encoder-webm-vp8: eb34c28f22e8b96e1ab97ce403110664 -> 
  custom:audio-decoder-ogg-vorbis: bf7c407c2cedff20999df2af8eb42d56 -> 
  custom:scripting/monoscript/fileName/yelevator.cs: c141b14ec7d10fba8822bad1447fd280 -> 
  custom:scripting/monoscript/fileName/rotationchanging.cs: b97d83ab6079bc42d6085832cda27eac -> 
  custom:audio-encoder-webm-vorbis: bf7c407c2cedff20999df2af8eb42d56 -> 
  custom:scripting/monoscript/fileName/IntroSequence.cs: ef7e8d6dcf98f70c017e513839b94a4f -> 
  custom:scripting/monoscript/fileName/switchcamera.cs: 42fa7a71a56a19c9d592c1b3ebbc62b5 -> 
  custom:scripting/precompiled-assembly-types:Assembly-CSharp: 9ab29898f29df018c0e78cd6d1c14051 -> fe84cd4711c0c308e5a0f0af3923322a
  custom:scripting/monoscript/fileName/walldetector.cs: 66a9754d1fead0e50969fc7677bb91bb -> 
  custom:scripting/monoscript/fileName/PlayerMovement_2D.cs: cae5de960c47d0e9127166bb8cd534f3 -> 
========================================================================
Received Import Request.
  Time since last request: 200.795498 seconds.
  path: Assets/script/free camera.cs
  artifactKey: Guid(1e5d565f5f4d70949a5a4f96be632fc0) Importer(815301076,1909f56bfc062723c751e8b465ee728b)
Start importing Assets/script/free camera.cs using Guid(1e5d565f5f4d70949a5a4f96be632fc0) Importer(815301076,1909f56bfc062723c751e8b465ee728b) [PhysX] Initialized MultithreadedTaskDispatcher with 20 workers.
 -> (artifact id: '71299763de1072a3ca1c1559262f587d') in 0.003001 seconds
Number of updated asset objects reloaded before import = 0
Number of asset objects unloaded after import = 0
========================================================================
Received Import Request.
  Time since last request: 11.516235 seconds.
  path: Assets/Scenes/map_01.unity
  artifactKey: Guid(83bb983491f4edc4f949316cae3acfc3) Importer(815301076,1909f56bfc062723c751e8b465ee728b)
Start importing Assets/Scenes/map_01.unity using Guid(83bb983491f4edc4f949316cae3acfc3) Importer(815301076,1909f56bfc062723c751e8b465ee728b) [PhysX] Initialized MultithreadedTaskDispatcher with 20 workers.
 -> (artifact id: '23a3b54fb7d907825b3aa4d81394f54f') in 0.000705 seconds
Number of updated asset objects reloaded before import = 0
Number of asset objects unloaded after import = 0
========================================================================
Received Import Request.
  Time since last request: 2.075708 seconds.
  path: Assets/Scenes/practice_2.unity
  artifactKey: Guid(3875d2331c40e4f47a527d3841d1820b) Importer(815301076,1909f56bfc062723c751e8b465ee728b)
Start importing Assets/Scenes/practice_2.unity using Guid(3875d2331c40e4f47a527d3841d1820b) Importer(815301076,1909f56bfc062723c751e8b465ee728b) [PhysX] Initialized MultithreadedTaskDispatcher with 20 workers.
 -> (artifact id: '68245aea4440ee028a8dad4963c77314') in 0.000631 seconds
Number of updated asset objects reloaded before import = 0
Number of asset objects unloaded after import = 0
========================================================================
Received Import Request.
  Time since last request: 4.707134 seconds.
  path: Assets/Scenes/SampleScene.unity
  artifactKey: Guid(9fc0d4010bbf28b4594072e72b8655ab) Importer(815301076,1909f56bfc062723c751e8b465ee728b)
Start importing Assets/Scenes/SampleScene.unity using Guid(9fc0d4010bbf28b4594072e72b8655ab) Importer(815301076,1909f56bfc062723c751e8b465ee728b) [PhysX] Initialized MultithreadedTaskDispatcher with 20 workers.
 -> (artifact id: 'e513260cca4a733680363b1d5cc149ee') in 0.000623 seconds
Number of updated asset objects reloaded before import = 0
Number of asset objects unloaded after import = 0
========================================================================
Received Prepare
Caller must complete domain reload
Begin MonoManager ReloadAssembly
- Loaded All Assemblies, in  0.311 seconds
Native extension for UWP target not found
Native extension for WindowsStandalone target not found
Native extension for WebGL target not found
Mono: successfully reloaded assembly
- Finished resetting the current domain, in  0.798 seconds
Domain Reload Profiling: 1106ms
	BeginReloadAssembly (108ms)
		ExecutionOrderSort (0ms)
		DisableScriptedObjects (3ms)
		BackupInstance (0ms)
		ReleaseScriptingObjects (0ms)
		CreateAndSetChildDomain (21ms)
	RebuildCommonClasses (23ms)
	RebuildNativeTypeToScriptingClass (6ms)
	initialDomainReloadingComplete (22ms)
	LoadAllAssembliesAndSetupDomain (148ms)
		LoadAssemblies (198ms)
		RebuildTransferFunctionScriptingTraits (0ms)
		AnalyzeDomain (9ms)
			TypeCache.Refresh (4ms)
				TypeCache.ScanAssembly (0ms)
			ScanForSourceGeneratedMonoScriptInfo (0ms)
			ResolveRequiredComponents (3ms)
	FinalizeReload (799ms)
		ReleaseScriptCaches (0ms)
		RebuildScriptCaches (0ms)
		SetupLoadedEditorAssemblies (395ms)
			LogAssemblyErrors (0ms)
			InitializePlatformSupportModulesInManaged (8ms)
			SetLoadedEditorAssemblies (2ms)
			RefreshPlugins (0ms)
			BeforeProcessingInitializeOnLoad (43ms)
			ProcessInitializeOnLoadAttributes (320ms)
			ProcessInitializeOnLoadMethodAttributes (13ms)
			AfterProcessingInitializeOnLoad (9ms)
			EditorAssembliesLoaded (0ms)
		ExecutionOrderSort2 (0ms)
		AwakeInstancesAfterBackupRestoration (5ms)
Refreshing native plugins compatible for Editor in 3.12 ms, found 3 plugins.
Preloading 0 native plugins for Editor in 0.00 ms.
Unloading 3317 Unused Serialized files (Serialized files now loaded: 0)
Unloading 14 unused Assets / (28.5 KB). Loaded Objects now: 3873.
Memory consumption went from 131.7 MB to 131.6 MB.
Total: 2.235000 ms (FindLiveObjects: 0.161100 ms CreateObjectMapping: 0.063400 ms MarkObjects: 1.980800 ms  DeleteObjects: 0.028900 ms)

Prepare: number of updated asset objects reloaded= 0
AssetImportParameters requested are different than current active one (requested -> active):
  custom:scripting/monoscript/fileName/PlayerRespawnTrigger.cs: 14bd8d676f8438f2690abb49647cc3e5 -> 
  custom:scripting/monoscript/fileName/tpfloor.cs: 771145b79e45e534dde4e24c390e6667 -> 
  custom:container-demuxer-ogg: 62fdf1f143b41e24485cea50d1cbac27 -> 
  custom:scripting/monoscript/fileName/itemsortappear.cs: f6fe4337b857d5baf217ca29701a92d3 -> 
  custom:scripting/monoscript/fileName/Esc_continue.cs: b1f7741ea69331c1c6ca33d04f27acf1 -> 
  custom:video-codec-MediaFoundation-h265: 746d11721c4dcdbdad8f713fa42b33f4 -> 
  custom:scripting/monoscript/fileName/EyeOpenUI.cs: 6eacfc4475f5138cad33a83eff17978e -> 
  custom:video-decoder-ogg-theora: a1e56fd34408186e4bbccfd4996cb3dc -> 
  custom:framework-win-MediaFoundation: 216162199b28c13a410421893ffa2e32 -> 
  custom:scripting/monoscript/fileName/keyboarddetect.cs: e4515e4cba37cc0ee92fbdb80a72e7e6 -> 
  custom:scripting/monoscript/fileName/IntroLookAround.cs: 4b7ab11ed67558807482f4b1d120e1e5 -> 
  custom:scripting/monoscript/fileName/getitemvisible.cs: ca4feb7280f1f1416ae53558670e511a -> 
  custom:scripting/monoscript/fileName/ButtonHoverEffect.cs: d1155d57e5d2579de9ebbadd6d4467bd -> 
  custom:scripting/monoscript/fileName/ButtonDelay.cs: 852aba5c64d4cd27d05eafb69eb35de4 -> 
  custom:CustomObjectIndexerAttribute: 9a22284fe3817be447336de3de66b15e -> 
  custom:scripting/monoscript/fileName/control_ViewType.cs: 8a0579fdbcfca37646a771c85b5672a5 -> 
  custom:container-demuxer-webm: 4f35f7cbe854078d1ac9338744f61a02 -> 
  custom:scripting/monoscript/fileName/trigger_teachUI.cs: d62051537dd61a9321e6e4473cd71798 -> 
  custom:scripting/monoscript/fileName/countdown.cs: 3f8d945ee58288dfd00d222bc95ea123 -> 
  custom:scripting/monoscript/fileName/PlayerMovement_3D.cs: d4b7e47826cc1959459a41cddd821cde -> 
  custom:scripting/monoscript/fileName/free camera.cs: 55f55645360202980964dcb118805b36 -> 
  custom:scripting/monoscript/fileName/switchitemusing.cs: 5456346e92e9792590e802f37719f25a -> 
  custom:scripting/monoscript/fileName/EscUI.cs: 8af6f1d2843f05e65dc7a5f848af33b4 -> 
  custom:container-muxer-webm: aa71ff27fc2769a1b78a27578f13a17b -> 
  custom:scripting/monoscript/fileName/isplay.cs: b29da971a71b639ad17186f1403c3527 -> 
  custom:scripting/monoscript/fileName/healthsystem.cs: bd4e4c503603584840c0ff8918fa8a22 -> 
  custom:video-decoder-webm-vp8: 9c59270c3fd7afecdb556c50c9e8de78 -> 
  custom:scripting/monoscript/fileName/switch_scenes.cs: a81050d8493857ad4e1435186dde9392 -> 
  custom:SearchIndexIgnoredProperties: e643bd26f0fe6173181afceb89e7c659 -> 
  custom:AudioImporter_EditorPlatform: d09bf68614088b80899f8185d706f6e7 -> 
  custom:scripting/monoscript/fileName/getitem.cs: d3bd8001b10ab21eab0188a513fa79fa -> 
  custom:scripting/monoscript/fileName/QuitGame.cs: 5b669f1f803e6c3e0b708e144b6aaea5 -> 
  custom:scripting/monoscript/fileName/MouseLook.cs: 02bafd22af827e561c2131ae88bbd075 -> 
  custom:scripting/monoscript/fileName/Cameracontroller.cs: 9afc567523072d385e7e839f14f42a40 -> 
  custom:scripting/monoscript/fileName/xelevator.cs: e93ed92cbb2703f562d55b4ddd58563f -> 
  custom:video-encoder-webm-vp8: eb34c28f22e8b96e1ab97ce403110664 -> 
  custom:audio-decoder-ogg-vorbis: bf7c407c2cedff20999df2af8eb42d56 -> 
  custom:scripting/monoscript/fileName/yelevator.cs: c141b14ec7d10fba8822bad1447fd280 -> 
  custom:scripting/monoscript/fileName/rotationchanging.cs: b97d83ab6079bc42d6085832cda27eac -> 
  custom:audio-encoder-webm-vorbis: bf7c407c2cedff20999df2af8eb42d56 -> 
  custom:scripting/monoscript/fileName/IntroSequence.cs: ef7e8d6dcf98f70c017e513839b94a4f -> 
  custom:scripting/monoscript/fileName/switchcamera.cs: 42fa7a71a56a19c9d592c1b3ebbc62b5 -> 
  custom:scripting/precompiled-assembly-types:Assembly-CSharp: 9ab29898f29df018c0e78cd6d1c14051 -> fe84cd4711c0c308e5a0f0af3923322a
  custom:scripting/monoscript/fileName/walldetector.cs: 66a9754d1fead0e50969fc7677bb91bb -> 
  custom:scripting/monoscript/fileName/PlayerMovement_2D.cs: cae5de960c47d0e9127166bb8cd534f3 -> 
