Using pre-set license
Built from '2022.3/respin/2022.3.62f2-4af31df585-v2' branch; Version is '2022.3.62f2 (7670c08855a9) revision 7762112'; Using compiler version '192829333'; Build Type 'Release'
OS: 'Windows 11  (10.0.26100) 64bit Professional' Language: 'zh' Physical Memory: 32557 MB
BatchMode: 1, IsHumanControllingUs: 0, StartBugReporterOnCrash: 0, Is64bit: 1, IsPro: 1

COMMAND LINE ARGUMENTS:
C:\Program Files\Unity\Hub\Editor\2022.3.62f2\Editor\Unity.exe
-adb2
-batchMode
-noUpm
-name
AssetImportWorker1
-projectPath
C:/Users/gigom/38_map
-logFile
Logs/AssetImportWorker1.log
-srvPort
55151
Successfully changed project path to: C:/Users/gigom/38_map
C:/Users/gigom/38_map
[UnityMemory] Configuration Parameters - Can be set up in boot.config
    "memorysetup-bucket-allocator-granularity=16"
    "memorysetup-bucket-allocator-bucket-count=8"
    "memorysetup-bucket-allocator-block-size=33554432"
    "memorysetup-bucket-allocator-block-count=8"
    "memorysetup-main-allocator-block-size=16777216"
    "memorysetup-thread-allocator-block-size=16777216"
    "memorysetup-gfx-main-allocator-block-size=16777216"
    "memorysetup-gfx-thread-allocator-block-size=16777216"
    "memorysetup-cache-allocator-block-size=4194304"
    "memorysetup-typetree-allocator-block-size=2097152"
    "memorysetup-profiler-bucket-allocator-granularity=16"
    "memorysetup-profiler-bucket-allocator-bucket-count=8"
    "memorysetup-profiler-bucket-allocator-block-size=33554432"
    "memorysetup-profiler-bucket-allocator-block-count=8"
    "memorysetup-profiler-allocator-block-size=16777216"
    "memorysetup-profiler-editor-allocator-block-size=1048576"
    "memorysetup-temp-allocator-size-main=16777216"
    "memorysetup-job-temp-allocator-block-size=2097152"
    "memorysetup-job-temp-allocator-block-size-background=1048576"
    "memorysetup-job-temp-allocator-reduction-small-platforms=262144"
    "memorysetup-allocator-temp-initial-block-size-main=262144"
    "memorysetup-allocator-temp-initial-block-size-worker=262144"
    "memorysetup-temp-allocator-size-background-worker=32768"
    "memorysetup-temp-allocator-size-job-worker=262144"
    "memorysetup-temp-allocator-size-preload-manager=33554432"
    "memorysetup-temp-allocator-size-nav-mesh-worker=65536"
    "memorysetup-temp-allocator-size-audio-worker=65536"
    "memorysetup-temp-allocator-size-cloud-worker=32768"
    "memorysetup-temp-allocator-size-gi-baking-worker=262144"
    "memorysetup-temp-allocator-size-gfx=262144"
Player connection [15392]  Target information:

Player connection [15392]  * "[IP] 192.168.0.13 [Port] 0 [Flags] 2 [Guid] 250744336 [EditorId] 250744336 [Version] 1048832 [Id] WindowsEditor(7,DESKTOP-R9A4V3S) [Debug] 1 [PackageName] WindowsEditor [ProjectName] Editor" 

Player connection [15392]  * "[IP] 25.29.130.37 [Port] 0 [Flags] 2 [Guid] 250744336 [EditorId] 250744336 [Version] 1048832 [Id] WindowsEditor(7,DESKTOP-R9A4V3S) [Debug] 1 [PackageName] WindowsEditor [ProjectName] Editor" 

Player connection [15392] Host joined multi-casting on [225.0.0.222:54997]...
Player connection [15392] Host joined alternative multi-casting on [225.0.0.222:34997]...
Input System module state changed to: Initialized.
[PhysX] Initialized MultithreadedTaskDispatcher with 20 workers.
Refreshing native plugins compatible for Editor in 8.14 ms, found 3 plugins.
Preloading 0 native plugins for Editor in 0.00 ms.
Initialize engine version: 2022.3.62f2 (7670c08855a9)
[Subsystems] Discovering subsystems at path C:/Program Files/Unity/Hub/Editor/2022.3.62f2/Editor/Data/Resources/UnitySubsystems
[Subsystems] Discovering subsystems at path C:/Users/gigom/38_map/Assets
GfxDevice: creating device client; threaded=0; jobified=0
Direct3D:
    Version:  Direct3D 11.0 [level 11.1]
    Renderer: NVIDIA GeForce RTX 4060 Ti (ID=0x2803)
    Vendor:   NVIDIA
    VRAM:     7949 MB
    Driver:   32.0.15.8180
Initialize mono
Mono path[0] = 'C:/Program Files/Unity/Hub/Editor/2022.3.62f2/Editor/Data/Managed'
Mono path[1] = 'C:/Program Files/Unity/Hub/Editor/2022.3.62f2/Editor/Data/MonoBleedingEdge/lib/mono/unityjit-win32'
Mono config path = 'C:/Program Files/Unity/Hub/Editor/2022.3.62f2/Editor/Data/MonoBleedingEdge/etc'
Using monoOptions --debugger-agent=transport=dt_socket,embedding=1,server=y,suspend=n,address=127.0.0.1:56900
Begin MonoManager ReloadAssembly
Registering precompiled unity dll's ...
Register platform support module: C:/Program Files/Unity/Hub/Editor/2022.3.62f2/Editor/Data/PlaybackEngines/WebGLSupport/UnityEditor.WebGL.Extensions.dll
Register platform support module: C:/Program Files/Unity/Hub/Editor/2022.3.62f2/Editor/Data/PlaybackEngines/WindowsStandaloneSupport/UnityEditor.WindowsStandalone.Extensions.dll
Register platform support module: C:/Program Files/Unity/Hub/Editor/2022.3.62f2/Editor/Data/PlaybackEngines/MetroSupport/UnityEditor.UWP.Extensions.dll
Registered in 0.012912 seconds.
- Loaded All Assemblies, in  0.289 seconds
Native extension for UWP target not found
Native extension for WindowsStandalone target not found
Native extension for WebGL target not found
Mono: successfully reloaded assembly
- Finished resetting the current domain, in  0.209 seconds
Domain Reload Profiling: 496ms
	BeginReloadAssembly (83ms)
		ExecutionOrderSort (0ms)
		DisableScriptedObjects (0ms)
		BackupInstance (0ms)
		ReleaseScriptingObjects (0ms)
		CreateAndSetChildDomain (0ms)
	RebuildCommonClasses (23ms)
	RebuildNativeTypeToScriptingClass (9ms)
	initialDomainReloadingComplete (55ms)
	LoadAllAssembliesAndSetupDomain (116ms)
		LoadAssemblies (82ms)
		RebuildTransferFunctionScriptingTraits (0ms)
		AnalyzeDomain (113ms)
			TypeCache.Refresh (112ms)
				TypeCache.ScanAssembly (102ms)
			ScanForSourceGeneratedMonoScriptInfo (0ms)
			ResolveRequiredComponents (0ms)
	FinalizeReload (210ms)
		ReleaseScriptCaches (0ms)
		RebuildScriptCaches (0ms)
		SetupLoadedEditorAssemblies (173ms)
			LogAssemblyErrors (0ms)
			InitializePlatformSupportModulesInManaged (10ms)
			SetLoadedEditorAssemblies (6ms)
			RefreshPlugins (0ms)
			BeforeProcessingInitializeOnLoad (2ms)
			ProcessInitializeOnLoadAttributes (115ms)
			ProcessInitializeOnLoadMethodAttributes (41ms)
			AfterProcessingInitializeOnLoad (0ms)
			EditorAssembliesLoaded (0ms)
		ExecutionOrderSort2 (0ms)
		AwakeInstancesAfterBackupRestoration (0ms)
========================================================================
Worker process is ready to serve import requests
Caller must complete domain reload
Begin MonoManager ReloadAssembly
- Loaded All Assemblies, in  0.473 seconds
Native extension for UWP target not found
Native extension for WindowsStandalone target not found
Native extension for WebGL target not found
Mono: successfully reloaded assembly
- Finished resetting the current domain, in  0.543 seconds
Domain Reload Profiling: 1014ms
	BeginReloadAssembly (112ms)
		ExecutionOrderSort (0ms)
		DisableScriptedObjects (4ms)
		BackupInstance (0ms)
		ReleaseScriptingObjects (0ms)
		CreateAndSetChildDomain (15ms)
	RebuildCommonClasses (24ms)
	RebuildNativeTypeToScriptingClass (8ms)
	initialDomainReloadingComplete (34ms)
	LoadAllAssembliesAndSetupDomain (292ms)
		LoadAssemblies (233ms)
		RebuildTransferFunctionScriptingTraits (0ms)
		AnalyzeDomain (127ms)
			TypeCache.Refresh (111ms)
				TypeCache.ScanAssembly (102ms)
			ScanForSourceGeneratedMonoScriptInfo (12ms)
			ResolveRequiredComponents (4ms)
	FinalizeReload (543ms)
		ReleaseScriptCaches (0ms)
		RebuildScriptCaches (0ms)
		SetupLoadedEditorAssemblies (445ms)
			LogAssemblyErrors (0ms)
			InitializePlatformSupportModulesInManaged (8ms)
			SetLoadedEditorAssemblies (2ms)
			RefreshPlugins (0ms)
			BeforeProcessingInitializeOnLoad (45ms)
			ProcessInitializeOnLoadAttributes (369ms)
			ProcessInitializeOnLoadMethodAttributes (13ms)
			AfterProcessingInitializeOnLoad (8ms)
			EditorAssembliesLoaded (0ms)
		ExecutionOrderSort2 (0ms)
		AwakeInstancesAfterBackupRestoration (4ms)
Launched and connected shader compiler UnityShaderCompiler.exe after 0.04 seconds
Refreshing native plugins compatible for Editor in 2.71 ms, found 3 plugins.
Preloading 0 native plugins for Editor in 0.00 ms.
Unloading 3294 Unused Serialized files (Serialized files now loaded: 0)
Unloading 19 unused Assets / (54.6 KB). Loaded Objects now: 3761.
Memory consumption went from 127.3 MB to 127.3 MB.
Total: 2.496700 ms (FindLiveObjects: 0.272400 ms CreateObjectMapping: 0.085400 ms MarkObjects: 2.076200 ms  DeleteObjects: 0.061300 ms)

AssetImportParameters requested are different than current active one (requested -> active):
  custom:container-demuxer-ogg: 62fdf1f143b41e24485cea50d1cbac27 -> 
  custom:video-codec-MediaFoundation-h265: 746d11721c4dcdbdad8f713fa42b33f4 -> 
  custom:video-decoder-ogg-theora: a1e56fd34408186e4bbccfd4996cb3dc -> 
  custom:framework-win-MediaFoundation: 216162199b28c13a410421893ffa2e32 -> 
  custom:CustomObjectIndexerAttribute: 9a22284fe3817be447336de3de66b15e -> 
  custom:container-demuxer-webm: 4f35f7cbe854078d1ac9338744f61a02 -> 
  custom:container-muxer-webm: aa71ff27fc2769a1b78a27578f13a17b -> 
  custom:video-decoder-webm-vp8: 9c59270c3fd7afecdb556c50c9e8de78 -> 
  custom:SearchIndexIgnoredProperties: e643bd26f0fe6173181afceb89e7c659 -> 
  custom:AudioImporter_EditorPlatform: d09bf68614088b80899f8185d706f6e7 -> 
  custom:video-encoder-webm-vp8: eb34c28f22e8b96e1ab97ce403110664 -> 
  custom:audio-decoder-ogg-vorbis: bf7c407c2cedff20999df2af8eb42d56 -> 
  custom:audio-encoder-webm-vorbis: bf7c407c2cedff20999df2af8eb42d56 -> 
========================================================================
Received Prepare
Caller must complete domain reload
Begin MonoManager ReloadAssembly
- Loaded All Assemblies, in  0.340 seconds
Native extension for UWP target not found
Native extension for WindowsStandalone target not found
Native extension for WebGL target not found
Mono: successfully reloaded assembly
- Finished resetting the current domain, in  0.829 seconds
Domain Reload Profiling: 1167ms
	BeginReloadAssembly (115ms)
		ExecutionOrderSort (0ms)
		DisableScriptedObjects (3ms)
		BackupInstance (0ms)
		ReleaseScriptingObjects (0ms)
		CreateAndSetChildDomain (25ms)
	RebuildCommonClasses (24ms)
	RebuildNativeTypeToScriptingClass (6ms)
	initialDomainReloadingComplete (24ms)
	LoadAllAssembliesAndSetupDomain (167ms)
		LoadAssemblies (212ms)
		RebuildTransferFunctionScriptingTraits (0ms)
		AnalyzeDomain (15ms)
			TypeCache.Refresh (5ms)
				TypeCache.ScanAssembly (0ms)
			ScanForSourceGeneratedMonoScriptInfo (4ms)
			ResolveRequiredComponents (5ms)
	FinalizeReload (829ms)
		ReleaseScriptCaches (0ms)
		RebuildScriptCaches (0ms)
		SetupLoadedEditorAssemblies (413ms)
			LogAssemblyErrors (0ms)
			InitializePlatformSupportModulesInManaged (9ms)
			SetLoadedEditorAssemblies (2ms)
			RefreshPlugins (0ms)
			BeforeProcessingInitializeOnLoad (45ms)
			ProcessInitializeOnLoadAttributes (334ms)
			ProcessInitializeOnLoadMethodAttributes (13ms)
			AfterProcessingInitializeOnLoad (9ms)
			EditorAssembliesLoaded (0ms)
		ExecutionOrderSort2 (0ms)
		AwakeInstancesAfterBackupRestoration (5ms)
Refreshing native plugins compatible for Editor in 2.62 ms, found 3 plugins.
Preloading 0 native plugins for Editor in 0.00 ms.
Unloading 3318 Unused Serialized files (Serialized files now loaded: 0)
Unloading 14 unused Assets / (28.5 KB). Loaded Objects now: 3796.
Memory consumption went from 127.1 MB to 127.1 MB.
Total: 2.060500 ms (FindLiveObjects: 0.138300 ms CreateObjectMapping: 0.040200 ms MarkObjects: 1.852400 ms  DeleteObjects: 0.028500 ms)

Prepare: number of updated asset objects reloaded= 0
AssetImportParameters requested are different than current active one (requested -> active):
  custom:scripting/monoscript/fileName/PlayerRespawnTrigger.cs: 14bd8d676f8438f2690abb49647cc3e5 -> 
  custom:scripting/monoscript/fileName/tpfloor.cs: 771145b79e45e534dde4e24c390e6667 -> 
  custom:container-demuxer-ogg: 62fdf1f143b41e24485cea50d1cbac27 -> 
  custom:scripting/monoscript/fileName/itemsortappear.cs: f6fe4337b857d5baf217ca29701a92d3 -> 
  custom:scripting/monoscript/fileName/Esc_continue.cs: b1f7741ea69331c1c6ca33d04f27acf1 -> 
  custom:video-codec-MediaFoundation-h265: 746d11721c4dcdbdad8f713fa42b33f4 -> 
  custom:scripting/monoscript/fileName/EyeOpenUI.cs: 6eacfc4475f5138cad33a83eff17978e -> 
  custom:video-decoder-ogg-theora: a1e56fd34408186e4bbccfd4996cb3dc -> 
  custom:framework-win-MediaFoundation: 216162199b28c13a410421893ffa2e32 -> 
  custom:scripting/monoscript/fileName/keyboarddetect.cs: e4515e4cba37cc0ee92fbdb80a72e7e6 -> 
  custom:scripting/monoscript/fileName/IntroLookAround.cs: 4b7ab11ed67558807482f4b1d120e1e5 -> 
  custom:scripting/monoscript/fileName/getitemvisible.cs: ca4feb7280f1f1416ae53558670e511a -> 
  custom:scripting/monoscript/fileName/ButtonHoverEffect.cs: d1155d57e5d2579de9ebbadd6d4467bd -> 
  custom:scripting/monoscript/fileName/ButtonDelay.cs: 852aba5c64d4cd27d05eafb69eb35de4 -> 
  custom:CustomObjectIndexerAttribute: 9a22284fe3817be447336de3de66b15e -> 
  custom:scripting/monoscript/fileName/control_ViewType.cs: 8a0579fdbcfca37646a771c85b5672a5 -> 
  custom:container-demuxer-webm: 4f35f7cbe854078d1ac9338744f61a02 -> 
  custom:scripting/monoscript/fileName/trigger_teachUI.cs: d62051537dd61a9321e6e4473cd71798 -> 
  custom:scripting/monoscript/fileName/countdown.cs: 3f8d945ee58288dfd00d222bc95ea123 -> 
  custom:scripting/monoscript/fileName/PlayerMovement_3D.cs: d4b7e47826cc1959459a41cddd821cde -> 
  custom:scripting/monoscript/fileName/free camera.cs: 55f55645360202980964dcb118805b36 -> 
  custom:scripting/monoscript/fileName/switchitemusing.cs: 5456346e92e9792590e802f37719f25a -> 
  custom:scripting/monoscript/fileName/EscUI.cs: 8af6f1d2843f05e65dc7a5f848af33b4 -> 
  custom:container-muxer-webm: aa71ff27fc2769a1b78a27578f13a17b -> 
  custom:scripting/monoscript/fileName/isplay.cs: b29da971a71b639ad17186f1403c3527 -> 
  custom:scripting/monoscript/fileName/healthsystem.cs: bd4e4c503603584840c0ff8918fa8a22 -> 
  custom:video-decoder-webm-vp8: 9c59270c3fd7afecdb556c50c9e8de78 -> 
  custom:scripting/monoscript/fileName/switch_scenes.cs: a81050d8493857ad4e1435186dde9392 -> 
  custom:SearchIndexIgnoredProperties: e643bd26f0fe6173181afceb89e7c659 -> 
  custom:AudioImporter_EditorPlatform: d09bf68614088b80899f8185d706f6e7 -> 
  custom:scripting/monoscript/fileName/getitem.cs: d3bd8001b10ab21eab0188a513fa79fa -> 
  custom:scripting/monoscript/fileName/QuitGame.cs: 5b669f1f803e6c3e0b708e144b6aaea5 -> 
  custom:scripting/monoscript/fileName/MouseLook.cs: 02bafd22af827e561c2131ae88bbd075 -> 
  custom:scripting/monoscript/fileName/Cameracontroller.cs: 9afc567523072d385e7e839f14f42a40 -> 
  custom:scripting/monoscript/fileName/xelevator.cs: e93ed92cbb2703f562d55b4ddd58563f -> 
  custom:video-encoder-webm-vp8: eb34c28f22e8b96e1ab97ce403110664 -> 
  custom:audio-decoder-ogg-vorbis: bf7c407c2cedff20999df2af8eb42d56 -> 
  custom:scripting/monoscript/fileName/yelevator.cs: c141b14ec7d10fba8822bad1447fd280 -> 
  custom:scripting/monoscript/fileName/rotationchanging.cs: b97d83ab6079bc42d6085832cda27eac -> 
  custom:audio-encoder-webm-vorbis: bf7c407c2cedff20999df2af8eb42d56 -> 
  custom:scripting/monoscript/fileName/IntroSequence.cs: ef7e8d6dcf98f70c017e513839b94a4f -> 
  custom:scripting/monoscript/fileName/switchcamera.cs: 42fa7a71a56a19c9d592c1b3ebbc62b5 -> 
  custom:scripting/precompiled-assembly-types:Assembly-CSharp: 9ab29898f29df018c0e78cd6d1c14051 -> fe84cd4711c0c308e5a0f0af3923322a
  custom:scripting/monoscript/fileName/walldetector.cs: 66a9754d1fead0e50969fc7677bb91bb -> 
  custom:scripting/monoscript/fileName/PlayerMovement_2D.cs: cae5de960c47d0e9127166bb8cd534f3 -> 
========================================================================
Received Import Request.
  Time since last request: 185731.359558 seconds.
  path: Assets/Lab/RespawnPoint.prefab
  artifactKey: Guid(2c03d149f882bd94fb87d77d1440cdf4) Importer(815301076,1909f56bfc062723c751e8b465ee728b)
Start importing Assets/Lab/RespawnPoint.prefab using Guid(2c03d149f882bd94fb87d77d1440cdf4) Importer(815301076,1909f56bfc062723c751e8b465ee728b) [PhysX] Initialized MultithreadedTaskDispatcher with 20 workers.
 -> (artifact id: '8075bce4683d57c1beba9cf5028a4809') in 0.026613 seconds
Number of updated asset objects reloaded before import = 0
Number of asset objects unloaded after import = 4
========================================================================
Received Import Request.
  Time since last request: 199.713921 seconds.
  path: Assets/Materials/cat.mat
  artifactKey: Guid(8bad21924a71408498393e80f17da8b1) Importer(815301076,1909f56bfc062723c751e8b465ee728b)
Start importing Assets/Materials/cat.mat using Guid(8bad21924a71408498393e80f17da8b1) Importer(815301076,1909f56bfc062723c751e8b465ee728b) [PhysX] Initialized MultithreadedTaskDispatcher with 20 workers.
[PhysX] Initialized MultithreadedTaskDispatcher with 20 workers.
 -> (artifact id: 'b7e0357d5c803eef546e8e880e59adee') in 0.208296 seconds
Number of updated asset objects reloaded before import = 0
Number of asset objects unloaded after import = 1
========================================================================
Received Prepare
Caller must complete domain reload
Begin MonoManager ReloadAssembly
- Loaded All Assemblies, in  0.320 seconds
Native extension for UWP target not found
Native extension for WindowsStandalone target not found
Native extension for WebGL target not found
Mono: successfully reloaded assembly
- Finished resetting the current domain, in  0.867 seconds
Domain Reload Profiling: 1185ms
	BeginReloadAssembly (108ms)
		ExecutionOrderSort (0ms)
		DisableScriptedObjects (2ms)
		BackupInstance (0ms)
		ReleaseScriptingObjects (0ms)
		CreateAndSetChildDomain (23ms)
	RebuildCommonClasses (23ms)
	RebuildNativeTypeToScriptingClass (6ms)
	initialDomainReloadingComplete (23ms)
	LoadAllAssembliesAndSetupDomain (158ms)
		LoadAssemblies (208ms)
		RebuildTransferFunctionScriptingTraits (0ms)
		AnalyzeDomain (9ms)
			TypeCache.Refresh (5ms)
				TypeCache.ScanAssembly (0ms)
			ScanForSourceGeneratedMonoScriptInfo (0ms)
			ResolveRequiredComponents (3ms)
	FinalizeReload (868ms)
		ReleaseScriptCaches (0ms)
		RebuildScriptCaches (0ms)
		SetupLoadedEditorAssemblies (418ms)
			LogAssemblyErrors (0ms)
			InitializePlatformSupportModulesInManaged (9ms)
			SetLoadedEditorAssemblies (2ms)
			RefreshPlugins (0ms)
			BeforeProcessingInitializeOnLoad (49ms)
			ProcessInitializeOnLoadAttributes (335ms)
			ProcessInitializeOnLoadMethodAttributes (16ms)
			AfterProcessingInitializeOnLoad (8ms)
			EditorAssembliesLoaded (0ms)
		ExecutionOrderSort2 (0ms)
		AwakeInstancesAfterBackupRestoration (6ms)
Refreshing native plugins compatible for Editor in 3.57 ms, found 3 plugins.
Preloading 0 native plugins for Editor in 0.00 ms.
Unloading 3317 Unused Serialized files (Serialized files now loaded: 0)
Unloading 14 unused Assets / (28.5 KB). Loaded Objects now: 3841.
Memory consumption went from 131.6 MB to 131.5 MB.
Total: 2.178800 ms (FindLiveObjects: 0.162000 ms CreateObjectMapping: 0.044900 ms MarkObjects: 1.939900 ms  DeleteObjects: 0.031200 ms)

Prepare: number of updated asset objects reloaded= 0
AssetImportParameters requested are different than current active one (requested -> active):
  custom:scripting/monoscript/fileName/PlayerRespawnTrigger.cs: 14bd8d676f8438f2690abb49647cc3e5 -> 
  custom:scripting/monoscript/fileName/tpfloor.cs: 771145b79e45e534dde4e24c390e6667 -> 
  custom:container-demuxer-ogg: 62fdf1f143b41e24485cea50d1cbac27 -> 
  custom:scripting/monoscript/fileName/itemsortappear.cs: f6fe4337b857d5baf217ca29701a92d3 -> 
  custom:scripting/monoscript/fileName/Esc_continue.cs: b1f7741ea69331c1c6ca33d04f27acf1 -> 
  custom:video-codec-MediaFoundation-h265: 746d11721c4dcdbdad8f713fa42b33f4 -> 
  custom:scripting/monoscript/fileName/EyeOpenUI.cs: 6eacfc4475f5138cad33a83eff17978e -> 
  custom:video-decoder-ogg-theora: a1e56fd34408186e4bbccfd4996cb3dc -> 
  custom:framework-win-MediaFoundation: 216162199b28c13a410421893ffa2e32 -> 
  custom:scripting/monoscript/fileName/keyboarddetect.cs: e4515e4cba37cc0ee92fbdb80a72e7e6 -> 
  custom:scripting/monoscript/fileName/IntroLookAround.cs: 4b7ab11ed67558807482f4b1d120e1e5 -> 
  custom:scripting/monoscript/fileName/getitemvisible.cs: ca4feb7280f1f1416ae53558670e511a -> 
  custom:scripting/monoscript/fileName/ButtonHoverEffect.cs: d1155d57e5d2579de9ebbadd6d4467bd -> 
  custom:scripting/monoscript/fileName/ButtonDelay.cs: 852aba5c64d4cd27d05eafb69eb35de4 -> 
  custom:CustomObjectIndexerAttribute: 9a22284fe3817be447336de3de66b15e -> 
  custom:scripting/monoscript/fileName/control_ViewType.cs: 8a0579fdbcfca37646a771c85b5672a5 -> 
  custom:container-demuxer-webm: 4f35f7cbe854078d1ac9338744f61a02 -> 
  custom:scripting/monoscript/fileName/trigger_teachUI.cs: d62051537dd61a9321e6e4473cd71798 -> 
  custom:scripting/monoscript/fileName/countdown.cs: 3f8d945ee58288dfd00d222bc95ea123 -> 
  custom:scripting/monoscript/fileName/PlayerMovement_3D.cs: d4b7e47826cc1959459a41cddd821cde -> 
  custom:scripting/monoscript/fileName/free camera.cs: 55f55645360202980964dcb118805b36 -> 
  custom:scripting/monoscript/fileName/switchitemusing.cs: 5456346e92e9792590e802f37719f25a -> 
  custom:scripting/monoscript/fileName/EscUI.cs: 8af6f1d2843f05e65dc7a5f848af33b4 -> 
  custom:container-muxer-webm: aa71ff27fc2769a1b78a27578f13a17b -> 
  custom:scripting/monoscript/fileName/isplay.cs: b29da971a71b639ad17186f1403c3527 -> 
  custom:scripting/monoscript/fileName/healthsystem.cs: bd4e4c503603584840c0ff8918fa8a22 -> 
  custom:video-decoder-webm-vp8: 9c59270c3fd7afecdb556c50c9e8de78 -> 
  custom:scripting/monoscript/fileName/switch_scenes.cs: a81050d8493857ad4e1435186dde9392 -> 
  custom:SearchIndexIgnoredProperties: e643bd26f0fe6173181afceb89e7c659 -> 
  custom:AudioImporter_EditorPlatform: d09bf68614088b80899f8185d706f6e7 -> 
  custom:scripting/monoscript/fileName/getitem.cs: d3bd8001b10ab21eab0188a513fa79fa -> 
  custom:scripting/monoscript/fileName/QuitGame.cs: 5b669f1f803e6c3e0b708e144b6aaea5 -> 
  custom:scripting/monoscript/fileName/MouseLook.cs: 02bafd22af827e561c2131ae88bbd075 -> 
  custom:scripting/monoscript/fileName/Cameracontroller.cs: 9afc567523072d385e7e839f14f42a40 -> 
  custom:scripting/monoscript/fileName/xelevator.cs: e93ed92cbb2703f562d55b4ddd58563f -> 
  custom:video-encoder-webm-vp8: eb34c28f22e8b96e1ab97ce403110664 -> 
  custom:audio-decoder-ogg-vorbis: bf7c407c2cedff20999df2af8eb42d56 -> 
  custom:scripting/monoscript/fileName/yelevator.cs: c141b14ec7d10fba8822bad1447fd280 -> 
  custom:scripting/monoscript/fileName/rotationchanging.cs: b97d83ab6079bc42d6085832cda27eac -> 
  custom:audio-encoder-webm-vorbis: bf7c407c2cedff20999df2af8eb42d56 -> 
  custom:scripting/monoscript/fileName/IntroSequence.cs: ef7e8d6dcf98f70c017e513839b94a4f -> 
  custom:scripting/monoscript/fileName/switchcamera.cs: 42fa7a71a56a19c9d592c1b3ebbc62b5 -> 
  custom:scripting/precompiled-assembly-types:Assembly-CSharp: 9ab29898f29df018c0e78cd6d1c14051 -> fe84cd4711c0c308e5a0f0af3923322a
  custom:scripting/monoscript/fileName/walldetector.cs: 66a9754d1fead0e50969fc7677bb91bb -> 
  custom:scripting/monoscript/fileName/PlayerMovement_2D.cs: cae5de960c47d0e9127166bb8cd534f3 -> 
========================================================================
Received Prepare
Caller must complete domain reload
Begin MonoManager ReloadAssembly
- Loaded All Assemblies, in  0.318 seconds
Native extension for UWP target not found
Native extension for WindowsStandalone target not found
Native extension for WebGL target not found
Mono: successfully reloaded assembly
- Finished resetting the current domain, in  0.871 seconds
Domain Reload Profiling: 1186ms
	BeginReloadAssembly (112ms)
		ExecutionOrderSort (0ms)
		DisableScriptedObjects (4ms)
		BackupInstance (0ms)
		ReleaseScriptingObjects (0ms)
		CreateAndSetChildDomain (20ms)
	RebuildCommonClasses (21ms)
	RebuildNativeTypeToScriptingClass (7ms)
	initialDomainReloadingComplete (23ms)
	LoadAllAssembliesAndSetupDomain (152ms)
		LoadAssemblies (205ms)
		RebuildTransferFunctionScriptingTraits (0ms)
		AnalyzeDomain (9ms)
			TypeCache.Refresh (4ms)
				TypeCache.ScanAssembly (0ms)
			ScanForSourceGeneratedMonoScriptInfo (0ms)
			ResolveRequiredComponents (3ms)
	FinalizeReload (871ms)
		ReleaseScriptCaches (0ms)
		RebuildScriptCaches (0ms)
		SetupLoadedEditorAssemblies (419ms)
			LogAssemblyErrors (0ms)
			InitializePlatformSupportModulesInManaged (8ms)
			SetLoadedEditorAssemblies (3ms)
			RefreshPlugins (0ms)
			BeforeProcessingInitializeOnLoad (49ms)
			ProcessInitializeOnLoadAttributes (333ms)
			ProcessInitializeOnLoadMethodAttributes (15ms)
			AfterProcessingInitializeOnLoad (10ms)
			EditorAssembliesLoaded (0ms)
		ExecutionOrderSort2 (0ms)
		AwakeInstancesAfterBackupRestoration (5ms)
Refreshing native plugins compatible for Editor in 3.47 ms, found 3 plugins.
Preloading 0 native plugins for Editor in 0.00 ms.
Unloading 3318 Unused Serialized files (Serialized files now loaded: 0)
Unloading 14 unused Assets / (28.5 KB). Loaded Objects now: 3845.
Memory consumption went from 131.8 MB to 131.8 MB.
Total: 2.204700 ms (FindLiveObjects: 0.159100 ms CreateObjectMapping: 0.048600 ms MarkObjects: 1.965700 ms  DeleteObjects: 0.030300 ms)

Prepare: number of updated asset objects reloaded= 0
AssetImportParameters requested are different than current active one (requested -> active):
  custom:scripting/monoscript/fileName/PlayerRespawnTrigger.cs: 14bd8d676f8438f2690abb49647cc3e5 -> 
  custom:scripting/monoscript/fileName/tpfloor.cs: 771145b79e45e534dde4e24c390e6667 -> 
  custom:container-demuxer-ogg: 62fdf1f143b41e24485cea50d1cbac27 -> 
  custom:scripting/monoscript/fileName/itemsortappear.cs: f6fe4337b857d5baf217ca29701a92d3 -> 
  custom:scripting/monoscript/fileName/Esc_continue.cs: b1f7741ea69331c1c6ca33d04f27acf1 -> 
  custom:video-codec-MediaFoundation-h265: 746d11721c4dcdbdad8f713fa42b33f4 -> 
  custom:scripting/monoscript/fileName/EyeOpenUI.cs: 6eacfc4475f5138cad33a83eff17978e -> 
  custom:video-decoder-ogg-theora: a1e56fd34408186e4bbccfd4996cb3dc -> 
  custom:framework-win-MediaFoundation: 216162199b28c13a410421893ffa2e32 -> 
  custom:scripting/monoscript/fileName/keyboarddetect.cs: e4515e4cba37cc0ee92fbdb80a72e7e6 -> 
  custom:scripting/monoscript/fileName/IntroLookAround.cs: 4b7ab11ed67558807482f4b1d120e1e5 -> 
  custom:scripting/monoscript/fileName/getitemvisible.cs: ca4feb7280f1f1416ae53558670e511a -> 
  custom:scripting/monoscript/fileName/ButtonHoverEffect.cs: d1155d57e5d2579de9ebbadd6d4467bd -> 
  custom:scripting/monoscript/fileName/ButtonDelay.cs: 852aba5c64d4cd27d05eafb69eb35de4 -> 
  custom:CustomObjectIndexerAttribute: 9a22284fe3817be447336de3de66b15e -> 
  custom:scripting/monoscript/fileName/control_ViewType.cs: 8a0579fdbcfca37646a771c85b5672a5 -> 
  custom:container-demuxer-webm: 4f35f7cbe854078d1ac9338744f61a02 -> 
  custom:scripting/monoscript/fileName/trigger_teachUI.cs: d62051537dd61a9321e6e4473cd71798 -> 
  custom:scripting/monoscript/fileName/countdown.cs: 3f8d945ee58288dfd00d222bc95ea123 -> 
  custom:scripting/monoscript/fileName/PlayerMovement_3D.cs: d4b7e47826cc1959459a41cddd821cde -> 
  custom:scripting/monoscript/fileName/free camera.cs: 55f55645360202980964dcb118805b36 -> 
  custom:scripting/monoscript/fileName/switchitemusing.cs: 5456346e92e9792590e802f37719f25a -> 
  custom:scripting/monoscript/fileName/EscUI.cs: 8af6f1d2843f05e65dc7a5f848af33b4 -> 
  custom:container-muxer-webm: aa71ff27fc2769a1b78a27578f13a17b -> 
  custom:scripting/monoscript/fileName/isplay.cs: b29da971a71b639ad17186f1403c3527 -> 
  custom:scripting/monoscript/fileName/healthsystem.cs: bd4e4c503603584840c0ff8918fa8a22 -> 
  custom:video-decoder-webm-vp8: 9c59270c3fd7afecdb556c50c9e8de78 -> 
  custom:scripting/monoscript/fileName/switch_scenes.cs: a81050d8493857ad4e1435186dde9392 -> 
  custom:SearchIndexIgnoredProperties: e643bd26f0fe6173181afceb89e7c659 -> 
  custom:AudioImporter_EditorPlatform: d09bf68614088b80899f8185d706f6e7 -> 
  custom:scripting/monoscript/fileName/getitem.cs: d3bd8001b10ab21eab0188a513fa79fa -> 
  custom:scripting/monoscript/fileName/QuitGame.cs: 5b669f1f803e6c3e0b708e144b6aaea5 -> 
  custom:scripting/monoscript/fileName/MouseLook.cs: 02bafd22af827e561c2131ae88bbd075 -> 
  custom:scripting/monoscript/fileName/Cameracontroller.cs: 9afc567523072d385e7e839f14f42a40 -> 
  custom:scripting/monoscript/fileName/xelevator.cs: e93ed92cbb2703f562d55b4ddd58563f -> 
  custom:video-encoder-webm-vp8: eb34c28f22e8b96e1ab97ce403110664 -> 
  custom:audio-decoder-ogg-vorbis: bf7c407c2cedff20999df2af8eb42d56 -> 
  custom:scripting/monoscript/fileName/yelevator.cs: c141b14ec7d10fba8822bad1447fd280 -> 
  custom:scripting/monoscript/fileName/rotationchanging.cs: b97d83ab6079bc42d6085832cda27eac -> 
  custom:audio-encoder-webm-vorbis: bf7c407c2cedff20999df2af8eb42d56 -> 
  custom:scripting/monoscript/fileName/IntroSequence.cs: ef7e8d6dcf98f70c017e513839b94a4f -> 
  custom:scripting/monoscript/fileName/switchcamera.cs: 42fa7a71a56a19c9d592c1b3ebbc62b5 -> 
  custom:scripting/precompiled-assembly-types:Assembly-CSharp: 9ab29898f29df018c0e78cd6d1c14051 -> fe84cd4711c0c308e5a0f0af3923322a
  custom:scripting/monoscript/fileName/walldetector.cs: 66a9754d1fead0e50969fc7677bb91bb -> 
  custom:scripting/monoscript/fileName/PlayerMovement_2D.cs: cae5de960c47d0e9127166bb8cd534f3 -> 
========================================================================
Received Prepare
Caller must complete domain reload
Begin MonoManager ReloadAssembly
- Loaded All Assemblies, in  0.320 seconds
Native extension for UWP target not found
Native extension for WindowsStandalone target not found
Native extension for WebGL target not found
Mono: successfully reloaded assembly
- Finished resetting the current domain, in  0.888 seconds
Domain Reload Profiling: 1205ms
	BeginReloadAssembly (106ms)
		ExecutionOrderSort (0ms)
		DisableScriptedObjects (3ms)
		BackupInstance (0ms)
		ReleaseScriptingObjects (0ms)
		CreateAndSetChildDomain (20ms)
	RebuildCommonClasses (24ms)
	RebuildNativeTypeToScriptingClass (6ms)
	initialDomainReloadingComplete (24ms)
	LoadAllAssembliesAndSetupDomain (156ms)
		LoadAssemblies (206ms)
		RebuildTransferFunctionScriptingTraits (0ms)
		AnalyzeDomain (10ms)
			TypeCache.Refresh (5ms)
				TypeCache.ScanAssembly (0ms)
			ScanForSourceGeneratedMonoScriptInfo (0ms)
			ResolveRequiredComponents (3ms)
	FinalizeReload (889ms)
		ReleaseScriptCaches (0ms)
		RebuildScriptCaches (0ms)
		SetupLoadedEditorAssemblies (423ms)
			LogAssemblyErrors (0ms)
			InitializePlatformSupportModulesInManaged (12ms)
			SetLoadedEditorAssemblies (2ms)
			RefreshPlugins (0ms)
			BeforeProcessingInitializeOnLoad (51ms)
			ProcessInitializeOnLoadAttributes (335ms)
			ProcessInitializeOnLoadMethodAttributes (14ms)
			AfterProcessingInitializeOnLoad (9ms)
			EditorAssembliesLoaded (0ms)
		ExecutionOrderSort2 (0ms)
		AwakeInstancesAfterBackupRestoration (6ms)
Refreshing native plugins compatible for Editor in 4.54 ms, found 3 plugins.
Preloading 0 native plugins for Editor in 0.00 ms.
Unloading 3318 Unused Serialized files (Serialized files now loaded: 0)
Unloading 14 unused Assets / (28.5 KB). Loaded Objects now: 3849.
Memory consumption went from 131.8 MB to 131.8 MB.
Total: 2.553100 ms (FindLiveObjects: 0.203000 ms CreateObjectMapping: 0.055700 ms MarkObjects: 2.247500 ms  DeleteObjects: 0.034100 ms)

Prepare: number of updated asset objects reloaded= 0
AssetImportParameters requested are different than current active one (requested -> active):
  custom:scripting/monoscript/fileName/PlayerRespawnTrigger.cs: 14bd8d676f8438f2690abb49647cc3e5 -> 
  custom:scripting/monoscript/fileName/tpfloor.cs: 771145b79e45e534dde4e24c390e6667 -> 
  custom:container-demuxer-ogg: 62fdf1f143b41e24485cea50d1cbac27 -> 
  custom:scripting/monoscript/fileName/itemsortappear.cs: f6fe4337b857d5baf217ca29701a92d3 -> 
  custom:scripting/monoscript/fileName/Esc_continue.cs: b1f7741ea69331c1c6ca33d04f27acf1 -> 
  custom:video-codec-MediaFoundation-h265: 746d11721c4dcdbdad8f713fa42b33f4 -> 
  custom:scripting/monoscript/fileName/EyeOpenUI.cs: 6eacfc4475f5138cad33a83eff17978e -> 
  custom:video-decoder-ogg-theora: a1e56fd34408186e4bbccfd4996cb3dc -> 
  custom:framework-win-MediaFoundation: 216162199b28c13a410421893ffa2e32 -> 
  custom:scripting/monoscript/fileName/keyboarddetect.cs: e4515e4cba37cc0ee92fbdb80a72e7e6 -> 
  custom:scripting/monoscript/fileName/IntroLookAround.cs: 4b7ab11ed67558807482f4b1d120e1e5 -> 
  custom:scripting/monoscript/fileName/getitemvisible.cs: ca4feb7280f1f1416ae53558670e511a -> 
  custom:scripting/monoscript/fileName/ButtonHoverEffect.cs: d1155d57e5d2579de9ebbadd6d4467bd -> 
  custom:scripting/monoscript/fileName/ButtonDelay.cs: 852aba5c64d4cd27d05eafb69eb35de4 -> 
  custom:CustomObjectIndexerAttribute: 9a22284fe3817be447336de3de66b15e -> 
  custom:scripting/monoscript/fileName/control_ViewType.cs: 8a0579fdbcfca37646a771c85b5672a5 -> 
  custom:container-demuxer-webm: 4f35f7cbe854078d1ac9338744f61a02 -> 
  custom:scripting/monoscript/fileName/trigger_teachUI.cs: d62051537dd61a9321e6e4473cd71798 -> 
  custom:scripting/monoscript/fileName/countdown.cs: 3f8d945ee58288dfd00d222bc95ea123 -> 
  custom:scripting/monoscript/fileName/PlayerMovement_3D.cs: d4b7e47826cc1959459a41cddd821cde -> 
  custom:scripting/monoscript/fileName/free camera.cs: 55f55645360202980964dcb118805b36 -> 
  custom:scripting/monoscript/fileName/switchitemusing.cs: 5456346e92e9792590e802f37719f25a -> 
  custom:scripting/monoscript/fileName/EscUI.cs: 8af6f1d2843f05e65dc7a5f848af33b4 -> 
  custom:container-muxer-webm: aa71ff27fc2769a1b78a27578f13a17b -> 
  custom:scripting/monoscript/fileName/isplay.cs: b29da971a71b639ad17186f1403c3527 -> 
  custom:scripting/monoscript/fileName/healthsystem.cs: bd4e4c503603584840c0ff8918fa8a22 -> 
  custom:video-decoder-webm-vp8: 9c59270c3fd7afecdb556c50c9e8de78 -> 
  custom:scripting/monoscript/fileName/switch_scenes.cs: a81050d8493857ad4e1435186dde9392 -> 
  custom:SearchIndexIgnoredProperties: e643bd26f0fe6173181afceb89e7c659 -> 
  custom:AudioImporter_EditorPlatform: d09bf68614088b80899f8185d706f6e7 -> 
  custom:scripting/monoscript/fileName/getitem.cs: d3bd8001b10ab21eab0188a513fa79fa -> 
  custom:scripting/monoscript/fileName/QuitGame.cs: 5b669f1f803e6c3e0b708e144b6aaea5 -> 
  custom:scripting/monoscript/fileName/MouseLook.cs: 02bafd22af827e561c2131ae88bbd075 -> 
  custom:scripting/monoscript/fileName/Cameracontroller.cs: 9afc567523072d385e7e839f14f42a40 -> 
  custom:scripting/monoscript/fileName/xelevator.cs: e93ed92cbb2703f562d55b4ddd58563f -> 
  custom:video-encoder-webm-vp8: eb34c28f22e8b96e1ab97ce403110664 -> 
  custom:audio-decoder-ogg-vorbis: bf7c407c2cedff20999df2af8eb42d56 -> 
  custom:scripting/monoscript/fileName/yelevator.cs: c141b14ec7d10fba8822bad1447fd280 -> 
  custom:scripting/monoscript/fileName/rotationchanging.cs: b97d83ab6079bc42d6085832cda27eac -> 
  custom:audio-encoder-webm-vorbis: bf7c407c2cedff20999df2af8eb42d56 -> 
  custom:scripting/monoscript/fileName/IntroSequence.cs: ef7e8d6dcf98f70c017e513839b94a4f -> 
  custom:scripting/monoscript/fileName/switchcamera.cs: 42fa7a71a56a19c9d592c1b3ebbc62b5 -> 
  custom:scripting/precompiled-assembly-types:Assembly-CSharp: 9ab29898f29df018c0e78cd6d1c14051 -> fe84cd4711c0c308e5a0f0af3923322a
  custom:scripting/monoscript/fileName/walldetector.cs: 66a9754d1fead0e50969fc7677bb91bb -> 
  custom:scripting/monoscript/fileName/PlayerMovement_2D.cs: cae5de960c47d0e9127166bb8cd534f3 -> 
========================================================================
Received Prepare
Caller must complete domain reload
Begin MonoManager ReloadAssembly
- Loaded All Assemblies, in  0.314 seconds
Native extension for UWP target not found
Native extension for WindowsStandalone target not found
Native extension for WebGL target not found
Mono: successfully reloaded assembly
- Finished resetting the current domain, in  0.848 seconds
Domain Reload Profiling: 1160ms
	BeginReloadAssembly (108ms)
		ExecutionOrderSort (0ms)
		DisableScriptedObjects (3ms)
		BackupInstance (0ms)
		ReleaseScriptingObjects (0ms)
		CreateAndSetChildDomain (21ms)
	RebuildCommonClasses (21ms)
	RebuildNativeTypeToScriptingClass (8ms)
	initialDomainReloadingComplete (22ms)
	LoadAllAssembliesAndSetupDomain (152ms)
		LoadAssemblies (203ms)
		RebuildTransferFunctionScriptingTraits (0ms)
		AnalyzeDomain (10ms)
			TypeCache.Refresh (5ms)
				TypeCache.ScanAssembly (0ms)
			ScanForSourceGeneratedMonoScriptInfo (0ms)
			ResolveRequiredComponents (3ms)
	FinalizeReload (849ms)
		ReleaseScriptCaches (0ms)
		RebuildScriptCaches (0ms)
		SetupLoadedEditorAssemblies (413ms)
			LogAssemblyErrors (0ms)
			InitializePlatformSupportModulesInManaged (8ms)
			SetLoadedEditorAssemblies (3ms)
			RefreshPlugins (0ms)
			BeforeProcessingInitializeOnLoad (47ms)
			ProcessInitializeOnLoadAttributes (334ms)
			ProcessInitializeOnLoadMethodAttributes (14ms)
			AfterProcessingInitializeOnLoad (9ms)
			EditorAssembliesLoaded (0ms)
		ExecutionOrderSort2 (0ms)
		AwakeInstancesAfterBackupRestoration (6ms)
Refreshing native plugins compatible for Editor in 4.37 ms, found 3 plugins.
Preloading 0 native plugins for Editor in 0.00 ms.
Unloading 3318 Unused Serialized files (Serialized files now loaded: 0)
Unloading 14 unused Assets / (28.5 KB). Loaded Objects now: 3853.
Memory consumption went from 131.8 MB to 131.8 MB.
Total: 2.569200 ms (FindLiveObjects: 0.193100 ms CreateObjectMapping: 0.082400 ms MarkObjects: 2.260000 ms  DeleteObjects: 0.032600 ms)

Prepare: number of updated asset objects reloaded= 0
AssetImportParameters requested are different than current active one (requested -> active):
  custom:scripting/monoscript/fileName/PlayerRespawnTrigger.cs: 14bd8d676f8438f2690abb49647cc3e5 -> 
  custom:scripting/monoscript/fileName/tpfloor.cs: 771145b79e45e534dde4e24c390e6667 -> 
  custom:container-demuxer-ogg: 62fdf1f143b41e24485cea50d1cbac27 -> 
  custom:scripting/monoscript/fileName/itemsortappear.cs: f6fe4337b857d5baf217ca29701a92d3 -> 
  custom:scripting/monoscript/fileName/Esc_continue.cs: b1f7741ea69331c1c6ca33d04f27acf1 -> 
  custom:video-codec-MediaFoundation-h265: 746d11721c4dcdbdad8f713fa42b33f4 -> 
  custom:scripting/monoscript/fileName/EyeOpenUI.cs: 6eacfc4475f5138cad33a83eff17978e -> 
  custom:video-decoder-ogg-theora: a1e56fd34408186e4bbccfd4996cb3dc -> 
  custom:framework-win-MediaFoundation: 216162199b28c13a410421893ffa2e32 -> 
  custom:scripting/monoscript/fileName/keyboarddetect.cs: e4515e4cba37cc0ee92fbdb80a72e7e6 -> 
  custom:scripting/monoscript/fileName/IntroLookAround.cs: 4b7ab11ed67558807482f4b1d120e1e5 -> 
  custom:scripting/monoscript/fileName/getitemvisible.cs: ca4feb7280f1f1416ae53558670e511a -> 
  custom:scripting/monoscript/fileName/ButtonHoverEffect.cs: d1155d57e5d2579de9ebbadd6d4467bd -> 
  custom:scripting/monoscript/fileName/ButtonDelay.cs: 852aba5c64d4cd27d05eafb69eb35de4 -> 
  custom:CustomObjectIndexerAttribute: 9a22284fe3817be447336de3de66b15e -> 
  custom:scripting/monoscript/fileName/control_ViewType.cs: 8a0579fdbcfca37646a771c85b5672a5 -> 
  custom:container-demuxer-webm: 4f35f7cbe854078d1ac9338744f61a02 -> 
  custom:scripting/monoscript/fileName/trigger_teachUI.cs: d62051537dd61a9321e6e4473cd71798 -> 
  custom:scripting/monoscript/fileName/countdown.cs: 3f8d945ee58288dfd00d222bc95ea123 -> 
  custom:scripting/monoscript/fileName/PlayerMovement_3D.cs: d4b7e47826cc1959459a41cddd821cde -> 
  custom:scripting/monoscript/fileName/free camera.cs: 55f55645360202980964dcb118805b36 -> 
  custom:scripting/monoscript/fileName/switchitemusing.cs: 5456346e92e9792590e802f37719f25a -> 
  custom:scripting/monoscript/fileName/EscUI.cs: 8af6f1d2843f05e65dc7a5f848af33b4 -> 
  custom:container-muxer-webm: aa71ff27fc2769a1b78a27578f13a17b -> 
  custom:scripting/monoscript/fileName/isplay.cs: b29da971a71b639ad17186f1403c3527 -> 
  custom:scripting/monoscript/fileName/healthsystem.cs: bd4e4c503603584840c0ff8918fa8a22 -> 
  custom:video-decoder-webm-vp8: 9c59270c3fd7afecdb556c50c9e8de78 -> 
  custom:scripting/monoscript/fileName/switch_scenes.cs: a81050d8493857ad4e1435186dde9392 -> 
  custom:SearchIndexIgnoredProperties: e643bd26f0fe6173181afceb89e7c659 -> 
  custom:AudioImporter_EditorPlatform: d09bf68614088b80899f8185d706f6e7 -> 
  custom:scripting/monoscript/fileName/getitem.cs: d3bd8001b10ab21eab0188a513fa79fa -> 
  custom:scripting/monoscript/fileName/QuitGame.cs: 5b669f1f803e6c3e0b708e144b6aaea5 -> 
  custom:scripting/monoscript/fileName/MouseLook.cs: 02bafd22af827e561c2131ae88bbd075 -> 
  custom:scripting/monoscript/fileName/Cameracontroller.cs: 9afc567523072d385e7e839f14f42a40 -> 
  custom:scripting/monoscript/fileName/xelevator.cs: e93ed92cbb2703f562d55b4ddd58563f -> 
  custom:video-encoder-webm-vp8: eb34c28f22e8b96e1ab97ce403110664 -> 
  custom:audio-decoder-ogg-vorbis: bf7c407c2cedff20999df2af8eb42d56 -> 
  custom:scripting/monoscript/fileName/yelevator.cs: c141b14ec7d10fba8822bad1447fd280 -> 
  custom:scripting/monoscript/fileName/rotationchanging.cs: b97d83ab6079bc42d6085832cda27eac -> 
  custom:audio-encoder-webm-vorbis: bf7c407c2cedff20999df2af8eb42d56 -> 
  custom:scripting/monoscript/fileName/IntroSequence.cs: ef7e8d6dcf98f70c017e513839b94a4f -> 
  custom:scripting/monoscript/fileName/switchcamera.cs: 42fa7a71a56a19c9d592c1b3ebbc62b5 -> 
  custom:scripting/precompiled-assembly-types:Assembly-CSharp: 9ab29898f29df018c0e78cd6d1c14051 -> fe84cd4711c0c308e5a0f0af3923322a
  custom:scripting/monoscript/fileName/walldetector.cs: 66a9754d1fead0e50969fc7677bb91bb -> 
  custom:scripting/monoscript/fileName/PlayerMovement_2D.cs: cae5de960c47d0e9127166bb8cd534f3 -> 
========================================================================
Received Prepare
Caller must complete domain reload
Begin MonoManager ReloadAssembly
- Loaded All Assemblies, in  0.322 seconds
Native extension for UWP target not found
Native extension for WindowsStandalone target not found
Native extension for WebGL target not found
Mono: successfully reloaded assembly
- Finished resetting the current domain, in  0.867 seconds
Domain Reload Profiling: 1186ms
	BeginReloadAssembly (110ms)
		ExecutionOrderSort (0ms)
		DisableScriptedObjects (5ms)
		BackupInstance (0ms)
		ReleaseScriptingObjects (0ms)
		CreateAndSetChildDomain (18ms)
	RebuildCommonClasses (22ms)
	RebuildNativeTypeToScriptingClass (7ms)
	initialDomainReloadingComplete (22ms)
	LoadAllAssembliesAndSetupDomain (157ms)
		LoadAssemblies (210ms)
		RebuildTransferFunctionScriptingTraits (0ms)
		AnalyzeDomain (9ms)
			TypeCache.Refresh (4ms)
				TypeCache.ScanAssembly (0ms)
			ScanForSourceGeneratedMonoScriptInfo (0ms)
			ResolveRequiredComponents (3ms)
	FinalizeReload (868ms)
		ReleaseScriptCaches (0ms)
		RebuildScriptCaches (0ms)
		SetupLoadedEditorAssemblies (418ms)
			LogAssemblyErrors (0ms)
			InitializePlatformSupportModulesInManaged (10ms)
			SetLoadedEditorAssemblies (3ms)
			RefreshPlugins (0ms)
			BeforeProcessingInitializeOnLoad (51ms)
			ProcessInitializeOnLoadAttributes (332ms)
			ProcessInitializeOnLoadMethodAttributes (14ms)
			AfterProcessingInitializeOnLoad (8ms)
			EditorAssembliesLoaded (0ms)
		ExecutionOrderSort2 (0ms)
		AwakeInstancesAfterBackupRestoration (4ms)
Refreshing native plugins compatible for Editor in 4.75 ms, found 3 plugins.
Preloading 0 native plugins for Editor in 0.00 ms.
Unloading 3318 Unused Serialized files (Serialized files now loaded: 0)
Unloading 14 unused Assets / (28.5 KB). Loaded Objects now: 3857.
Memory consumption went from 131.9 MB to 131.8 MB.
Total: 2.474500 ms (FindLiveObjects: 0.182100 ms CreateObjectMapping: 0.138800 ms MarkObjects: 2.120300 ms  DeleteObjects: 0.032300 ms)

Prepare: number of updated asset objects reloaded= 0
AssetImportParameters requested are different than current active one (requested -> active):
  custom:scripting/monoscript/fileName/PlayerRespawnTrigger.cs: 14bd8d676f8438f2690abb49647cc3e5 -> 
  custom:scripting/monoscript/fileName/tpfloor.cs: 771145b79e45e534dde4e24c390e6667 -> 
  custom:container-demuxer-ogg: 62fdf1f143b41e24485cea50d1cbac27 -> 
  custom:scripting/monoscript/fileName/itemsortappear.cs: f6fe4337b857d5baf217ca29701a92d3 -> 
  custom:scripting/monoscript/fileName/Esc_continue.cs: b1f7741ea69331c1c6ca33d04f27acf1 -> 
  custom:video-codec-MediaFoundation-h265: 746d11721c4dcdbdad8f713fa42b33f4 -> 
  custom:scripting/monoscript/fileName/EyeOpenUI.cs: 6eacfc4475f5138cad33a83eff17978e -> 
  custom:video-decoder-ogg-theora: a1e56fd34408186e4bbccfd4996cb3dc -> 
  custom:framework-win-MediaFoundation: 216162199b28c13a410421893ffa2e32 -> 
  custom:scripting/monoscript/fileName/keyboarddetect.cs: e4515e4cba37cc0ee92fbdb80a72e7e6 -> 
  custom:scripting/monoscript/fileName/IntroLookAround.cs: 4b7ab11ed67558807482f4b1d120e1e5 -> 
  custom:scripting/monoscript/fileName/getitemvisible.cs: ca4feb7280f1f1416ae53558670e511a -> 
  custom:scripting/monoscript/fileName/ButtonHoverEffect.cs: d1155d57e5d2579de9ebbadd6d4467bd -> 
  custom:scripting/monoscript/fileName/ButtonDelay.cs: 852aba5c64d4cd27d05eafb69eb35de4 -> 
  custom:CustomObjectIndexerAttribute: 9a22284fe3817be447336de3de66b15e -> 
  custom:scripting/monoscript/fileName/control_ViewType.cs: 8a0579fdbcfca37646a771c85b5672a5 -> 
  custom:container-demuxer-webm: 4f35f7cbe854078d1ac9338744f61a02 -> 
  custom:scripting/monoscript/fileName/trigger_teachUI.cs: d62051537dd61a9321e6e4473cd71798 -> 
  custom:scripting/monoscript/fileName/countdown.cs: 3f8d945ee58288dfd00d222bc95ea123 -> 
  custom:scripting/monoscript/fileName/PlayerMovement_3D.cs: d4b7e47826cc1959459a41cddd821cde -> 
  custom:scripting/monoscript/fileName/free camera.cs: 55f55645360202980964dcb118805b36 -> 
  custom:scripting/monoscript/fileName/switchitemusing.cs: 5456346e92e9792590e802f37719f25a -> 
  custom:scripting/monoscript/fileName/EscUI.cs: 8af6f1d2843f05e65dc7a5f848af33b4 -> 
  custom:container-muxer-webm: aa71ff27fc2769a1b78a27578f13a17b -> 
  custom:scripting/monoscript/fileName/isplay.cs: b29da971a71b639ad17186f1403c3527 -> 
  custom:scripting/monoscript/fileName/healthsystem.cs: bd4e4c503603584840c0ff8918fa8a22 -> 
  custom:video-decoder-webm-vp8: 9c59270c3fd7afecdb556c50c9e8de78 -> 
  custom:scripting/monoscript/fileName/switch_scenes.cs: a81050d8493857ad4e1435186dde9392 -> 
  custom:SearchIndexIgnoredProperties: e643bd26f0fe6173181afceb89e7c659 -> 
  custom:AudioImporter_EditorPlatform: d09bf68614088b80899f8185d706f6e7 -> 
  custom:scripting/monoscript/fileName/getitem.cs: d3bd8001b10ab21eab0188a513fa79fa -> 
  custom:scripting/monoscript/fileName/QuitGame.cs: 5b669f1f803e6c3e0b708e144b6aaea5 -> 
  custom:scripting/monoscript/fileName/MouseLook.cs: 02bafd22af827e561c2131ae88bbd075 -> 
  custom:scripting/monoscript/fileName/Cameracontroller.cs: 9afc567523072d385e7e839f14f42a40 -> 
  custom:scripting/monoscript/fileName/xelevator.cs: e93ed92cbb2703f562d55b4ddd58563f -> 
  custom:video-encoder-webm-vp8: eb34c28f22e8b96e1ab97ce403110664 -> 
  custom:audio-decoder-ogg-vorbis: bf7c407c2cedff20999df2af8eb42d56 -> 
  custom:scripting/monoscript/fileName/yelevator.cs: c141b14ec7d10fba8822bad1447fd280 -> 
  custom:scripting/monoscript/fileName/rotationchanging.cs: b97d83ab6079bc42d6085832cda27eac -> 
  custom:audio-encoder-webm-vorbis: bf7c407c2cedff20999df2af8eb42d56 -> 
  custom:scripting/monoscript/fileName/IntroSequence.cs: ef7e8d6dcf98f70c017e513839b94a4f -> 
  custom:scripting/monoscript/fileName/switchcamera.cs: 42fa7a71a56a19c9d592c1b3ebbc62b5 -> 
  custom:scripting/precompiled-assembly-types:Assembly-CSharp: 9ab29898f29df018c0e78cd6d1c14051 -> fe84cd4711c0c308e5a0f0af3923322a
  custom:scripting/monoscript/fileName/walldetector.cs: 66a9754d1fead0e50969fc7677bb91bb -> 
  custom:scripting/monoscript/fileName/PlayerMovement_2D.cs: cae5de960c47d0e9127166bb8cd534f3 -> 
========================================================================
Received Prepare
Caller must complete domain reload
Begin MonoManager ReloadAssembly
- Loaded All Assemblies, in  0.320 seconds
Native extension for UWP target not found
Native extension for WindowsStandalone target not found
Native extension for WebGL target not found
Mono: successfully reloaded assembly
- Finished resetting the current domain, in  0.839 seconds
Domain Reload Profiling: 1156ms
	BeginReloadAssembly (107ms)
		ExecutionOrderSort (0ms)
		DisableScriptedObjects (3ms)
		BackupInstance (0ms)
		ReleaseScriptingObjects (0ms)
		CreateAndSetChildDomain (21ms)
	RebuildCommonClasses (21ms)
	RebuildNativeTypeToScriptingClass (6ms)
	initialDomainReloadingComplete (23ms)
	LoadAllAssembliesAndSetupDomain (159ms)
		LoadAssemblies (210ms)
		RebuildTransferFunctionScriptingTraits (0ms)
		AnalyzeDomain (10ms)
			TypeCache.Refresh (5ms)
				TypeCache.ScanAssembly (0ms)
			ScanForSourceGeneratedMonoScriptInfo (0ms)
			ResolveRequiredComponents (4ms)
	FinalizeReload (839ms)
		ReleaseScriptCaches (0ms)
		RebuildScriptCaches (0ms)
		SetupLoadedEditorAssemblies (406ms)
			LogAssemblyErrors (0ms)
			InitializePlatformSupportModulesInManaged (8ms)
			SetLoadedEditorAssemblies (2ms)
			RefreshPlugins (0ms)
			BeforeProcessingInitializeOnLoad (46ms)
			ProcessInitializeOnLoadAttributes (325ms)
			ProcessInitializeOnLoadMethodAttributes (14ms)
			AfterProcessingInitializeOnLoad (9ms)
			EditorAssembliesLoaded (0ms)
		ExecutionOrderSort2 (0ms)
		AwakeInstancesAfterBackupRestoration (5ms)
Refreshing native plugins compatible for Editor in 3.08 ms, found 3 plugins.
Preloading 0 native plugins for Editor in 0.00 ms.
Unloading 3318 Unused Serialized files (Serialized files now loaded: 0)
Unloading 14 unused Assets / (28.4 KB). Loaded Objects now: 3861.
Memory consumption went from 131.9 MB to 131.8 MB.
Total: 2.195300 ms (FindLiveObjects: 0.176400 ms CreateObjectMapping: 0.050300 ms MarkObjects: 1.937400 ms  DeleteObjects: 0.030300 ms)

Prepare: number of updated asset objects reloaded= 0
AssetImportParameters requested are different than current active one (requested -> active):
  custom:scripting/monoscript/fileName/PlayerRespawnTrigger.cs: 14bd8d676f8438f2690abb49647cc3e5 -> 
  custom:scripting/monoscript/fileName/tpfloor.cs: 771145b79e45e534dde4e24c390e6667 -> 
  custom:container-demuxer-ogg: 62fdf1f143b41e24485cea50d1cbac27 -> 
  custom:scripting/monoscript/fileName/itemsortappear.cs: f6fe4337b857d5baf217ca29701a92d3 -> 
  custom:scripting/monoscript/fileName/Esc_continue.cs: b1f7741ea69331c1c6ca33d04f27acf1 -> 
  custom:video-codec-MediaFoundation-h265: 746d11721c4dcdbdad8f713fa42b33f4 -> 
  custom:scripting/monoscript/fileName/EyeOpenUI.cs: 6eacfc4475f5138cad33a83eff17978e -> 
  custom:video-decoder-ogg-theora: a1e56fd34408186e4bbccfd4996cb3dc -> 
  custom:framework-win-MediaFoundation: 216162199b28c13a410421893ffa2e32 -> 
  custom:scripting/monoscript/fileName/keyboarddetect.cs: e4515e4cba37cc0ee92fbdb80a72e7e6 -> 
  custom:scripting/monoscript/fileName/IntroLookAround.cs: 4b7ab11ed67558807482f4b1d120e1e5 -> 
  custom:scripting/monoscript/fileName/getitemvisible.cs: ca4feb7280f1f1416ae53558670e511a -> 
  custom:scripting/monoscript/fileName/ButtonHoverEffect.cs: d1155d57e5d2579de9ebbadd6d4467bd -> 
  custom:scripting/monoscript/fileName/ButtonDelay.cs: 852aba5c64d4cd27d05eafb69eb35de4 -> 
  custom:CustomObjectIndexerAttribute: 9a22284fe3817be447336de3de66b15e -> 
  custom:scripting/monoscript/fileName/control_ViewType.cs: 8a0579fdbcfca37646a771c85b5672a5 -> 
  custom:container-demuxer-webm: 4f35f7cbe854078d1ac9338744f61a02 -> 
  custom:scripting/monoscript/fileName/trigger_teachUI.cs: d62051537dd61a9321e6e4473cd71798 -> 
  custom:scripting/monoscript/fileName/countdown.cs: 3f8d945ee58288dfd00d222bc95ea123 -> 
  custom:scripting/monoscript/fileName/PlayerMovement_3D.cs: d4b7e47826cc1959459a41cddd821cde -> 
  custom:scripting/monoscript/fileName/free camera.cs: 55f55645360202980964dcb118805b36 -> 
  custom:scripting/monoscript/fileName/switchitemusing.cs: 5456346e92e9792590e802f37719f25a -> 
  custom:scripting/monoscript/fileName/EscUI.cs: 8af6f1d2843f05e65dc7a5f848af33b4 -> 
  custom:container-muxer-webm: aa71ff27fc2769a1b78a27578f13a17b -> 
  custom:scripting/monoscript/fileName/isplay.cs: b29da971a71b639ad17186f1403c3527 -> 
  custom:scripting/monoscript/fileName/healthsystem.cs: bd4e4c503603584840c0ff8918fa8a22 -> 
  custom:video-decoder-webm-vp8: 9c59270c3fd7afecdb556c50c9e8de78 -> 
  custom:scripting/monoscript/fileName/switch_scenes.cs: a81050d8493857ad4e1435186dde9392 -> 
  custom:SearchIndexIgnoredProperties: e643bd26f0fe6173181afceb89e7c659 -> 
  custom:AudioImporter_EditorPlatform: d09bf68614088b80899f8185d706f6e7 -> 
  custom:scripting/monoscript/fileName/getitem.cs: d3bd8001b10ab21eab0188a513fa79fa -> 
  custom:scripting/monoscript/fileName/QuitGame.cs: 5b669f1f803e6c3e0b708e144b6aaea5 -> 
  custom:scripting/monoscript/fileName/MouseLook.cs: 02bafd22af827e561c2131ae88bbd075 -> 
  custom:scripting/monoscript/fileName/Cameracontroller.cs: 9afc567523072d385e7e839f14f42a40 -> 
  custom:scripting/monoscript/fileName/xelevator.cs: e93ed92cbb2703f562d55b4ddd58563f -> 
  custom:video-encoder-webm-vp8: eb34c28f22e8b96e1ab97ce403110664 -> 
  custom:audio-decoder-ogg-vorbis: bf7c407c2cedff20999df2af8eb42d56 -> 
  custom:scripting/monoscript/fileName/yelevator.cs: c141b14ec7d10fba8822bad1447fd280 -> 
  custom:scripting/monoscript/fileName/rotationchanging.cs: b97d83ab6079bc42d6085832cda27eac -> 
  custom:audio-encoder-webm-vorbis: bf7c407c2cedff20999df2af8eb42d56 -> 
  custom:scripting/monoscript/fileName/IntroSequence.cs: ef7e8d6dcf98f70c017e513839b94a4f -> 
  custom:scripting/monoscript/fileName/switchcamera.cs: 42fa7a71a56a19c9d592c1b3ebbc62b5 -> 
  custom:scripting/precompiled-assembly-types:Assembly-CSharp: 9ab29898f29df018c0e78cd6d1c14051 -> fe84cd4711c0c308e5a0f0af3923322a
  custom:scripting/monoscript/fileName/walldetector.cs: 66a9754d1fead0e50969fc7677bb91bb -> 
  custom:scripting/monoscript/fileName/PlayerMovement_2D.cs: cae5de960c47d0e9127166bb8cd534f3 -> 
========================================================================
Received Prepare
Caller must complete domain reload
Begin MonoManager ReloadAssembly
- Loaded All Assemblies, in  0.324 seconds
Native extension for UWP target not found
Native extension for WindowsStandalone target not found
Native extension for WebGL target not found
Mono: successfully reloaded assembly
- Finished resetting the current domain, in  0.856 seconds
Domain Reload Profiling: 1177ms
	BeginReloadAssembly (110ms)
		ExecutionOrderSort (0ms)
		DisableScriptedObjects (4ms)
		BackupInstance (0ms)
		ReleaseScriptingObjects (0ms)
		CreateAndSetChildDomain (19ms)
	RebuildCommonClasses (22ms)
	RebuildNativeTypeToScriptingClass (6ms)
	initialDomainReloadingComplete (28ms)
	LoadAllAssembliesAndSetupDomain (155ms)
		LoadAssemblies (207ms)
		RebuildTransferFunctionScriptingTraits (0ms)
		AnalyzeDomain (9ms)
			TypeCache.Refresh (4ms)
				TypeCache.ScanAssembly (0ms)
			ScanForSourceGeneratedMonoScriptInfo (0ms)
			ResolveRequiredComponents (3ms)
	FinalizeReload (857ms)
		ReleaseScriptCaches (0ms)
		RebuildScriptCaches (0ms)
		SetupLoadedEditorAssemblies (416ms)
			LogAssemblyErrors (0ms)
			InitializePlatformSupportModulesInManaged (9ms)
			SetLoadedEditorAssemblies (2ms)
			RefreshPlugins (0ms)
			BeforeProcessingInitializeOnLoad (51ms)
			ProcessInitializeOnLoadAttributes (331ms)
			ProcessInitializeOnLoadMethodAttributes (13ms)
			AfterProcessingInitializeOnLoad (9ms)
			EditorAssembliesLoaded (0ms)
		ExecutionOrderSort2 (0ms)
		AwakeInstancesAfterBackupRestoration (5ms)
Refreshing native plugins compatible for Editor in 2.96 ms, found 3 plugins.
Preloading 0 native plugins for Editor in 0.00 ms.
Unloading 3318 Unused Serialized files (Serialized files now loaded: 0)
Unloading 14 unused Assets / (28.5 KB). Loaded Objects now: 3865.
Memory consumption went from 131.9 MB to 131.8 MB.
Total: 2.145000 ms (FindLiveObjects: 0.150800 ms CreateObjectMapping: 0.040500 ms MarkObjects: 1.923700 ms  DeleteObjects: 0.029400 ms)

Prepare: number of updated asset objects reloaded= 0
AssetImportParameters requested are different than current active one (requested -> active):
  custom:scripting/monoscript/fileName/PlayerRespawnTrigger.cs: 14bd8d676f8438f2690abb49647cc3e5 -> 
  custom:scripting/monoscript/fileName/tpfloor.cs: 771145b79e45e534dde4e24c390e6667 -> 
  custom:container-demuxer-ogg: 62fdf1f143b41e24485cea50d1cbac27 -> 
  custom:scripting/monoscript/fileName/itemsortappear.cs: f6fe4337b857d5baf217ca29701a92d3 -> 
  custom:scripting/monoscript/fileName/Esc_continue.cs: b1f7741ea69331c1c6ca33d04f27acf1 -> 
  custom:video-codec-MediaFoundation-h265: 746d11721c4dcdbdad8f713fa42b33f4 -> 
  custom:scripting/monoscript/fileName/EyeOpenUI.cs: 6eacfc4475f5138cad33a83eff17978e -> 
  custom:video-decoder-ogg-theora: a1e56fd34408186e4bbccfd4996cb3dc -> 
  custom:framework-win-MediaFoundation: 216162199b28c13a410421893ffa2e32 -> 
  custom:scripting/monoscript/fileName/keyboarddetect.cs: e4515e4cba37cc0ee92fbdb80a72e7e6 -> 
  custom:scripting/monoscript/fileName/IntroLookAround.cs: 4b7ab11ed67558807482f4b1d120e1e5 -> 
  custom:scripting/monoscript/fileName/getitemvisible.cs: ca4feb7280f1f1416ae53558670e511a -> 
  custom:scripting/monoscript/fileName/ButtonHoverEffect.cs: d1155d57e5d2579de9ebbadd6d4467bd -> 
  custom:scripting/monoscript/fileName/ButtonDelay.cs: 852aba5c64d4cd27d05eafb69eb35de4 -> 
  custom:CustomObjectIndexerAttribute: 9a22284fe3817be447336de3de66b15e -> 
  custom:scripting/monoscript/fileName/control_ViewType.cs: 8a0579fdbcfca37646a771c85b5672a5 -> 
  custom:container-demuxer-webm: 4f35f7cbe854078d1ac9338744f61a02 -> 
  custom:scripting/monoscript/fileName/trigger_teachUI.cs: d62051537dd61a9321e6e4473cd71798 -> 
  custom:scripting/monoscript/fileName/countdown.cs: 3f8d945ee58288dfd00d222bc95ea123 -> 
  custom:scripting/monoscript/fileName/PlayerMovement_3D.cs: d4b7e47826cc1959459a41cddd821cde -> 
  custom:scripting/monoscript/fileName/free camera.cs: 55f55645360202980964dcb118805b36 -> 
  custom:scripting/monoscript/fileName/switchitemusing.cs: 5456346e92e9792590e802f37719f25a -> 
  custom:scripting/monoscript/fileName/EscUI.cs: 8af6f1d2843f05e65dc7a5f848af33b4 -> 
  custom:container-muxer-webm: aa71ff27fc2769a1b78a27578f13a17b -> 
  custom:scripting/monoscript/fileName/isplay.cs: b29da971a71b639ad17186f1403c3527 -> 
  custom:scripting/monoscript/fileName/healthsystem.cs: bd4e4c503603584840c0ff8918fa8a22 -> 
  custom:video-decoder-webm-vp8: 9c59270c3fd7afecdb556c50c9e8de78 -> 
  custom:scripting/monoscript/fileName/switch_scenes.cs: a81050d8493857ad4e1435186dde9392 -> 
  custom:SearchIndexIgnoredProperties: e643bd26f0fe6173181afceb89e7c659 -> 
  custom:AudioImporter_EditorPlatform: d09bf68614088b80899f8185d706f6e7 -> 
  custom:scripting/monoscript/fileName/getitem.cs: d3bd8001b10ab21eab0188a513fa79fa -> 
  custom:scripting/monoscript/fileName/QuitGame.cs: 5b669f1f803e6c3e0b708e144b6aaea5 -> 
  custom:scripting/monoscript/fileName/MouseLook.cs: 02bafd22af827e561c2131ae88bbd075 -> 
  custom:scripting/monoscript/fileName/Cameracontroller.cs: 9afc567523072d385e7e839f14f42a40 -> 
  custom:scripting/monoscript/fileName/xelevator.cs: e93ed92cbb2703f562d55b4ddd58563f -> 
  custom:video-encoder-webm-vp8: eb34c28f22e8b96e1ab97ce403110664 -> 
  custom:audio-decoder-ogg-vorbis: bf7c407c2cedff20999df2af8eb42d56 -> 
  custom:scripting/monoscript/fileName/yelevator.cs: c141b14ec7d10fba8822bad1447fd280 -> 
  custom:scripting/monoscript/fileName/rotationchanging.cs: b97d83ab6079bc42d6085832cda27eac -> 
  custom:audio-encoder-webm-vorbis: bf7c407c2cedff20999df2af8eb42d56 -> 
  custom:scripting/monoscript/fileName/IntroSequence.cs: ef7e8d6dcf98f70c017e513839b94a4f -> 
  custom:scripting/monoscript/fileName/switchcamera.cs: 42fa7a71a56a19c9d592c1b3ebbc62b5 -> 
  custom:scripting/precompiled-assembly-types:Assembly-CSharp: 9ab29898f29df018c0e78cd6d1c14051 -> fe84cd4711c0c308e5a0f0af3923322a
  custom:scripting/monoscript/fileName/walldetector.cs: 66a9754d1fead0e50969fc7677bb91bb -> 
  custom:scripting/monoscript/fileName/PlayerMovement_2D.cs: cae5de960c47d0e9127166bb8cd534f3 -> 
========================================================================
Received Prepare
Caller must complete domain reload
Begin MonoManager ReloadAssembly
- Loaded All Assemblies, in  0.323 seconds
Native extension for UWP target not found
Native extension for WindowsStandalone target not found
Native extension for WebGL target not found
Mono: successfully reloaded assembly
- Finished resetting the current domain, in  0.864 seconds
Domain Reload Profiling: 1184ms
	BeginReloadAssembly (112ms)
		ExecutionOrderSort (0ms)
		DisableScriptedObjects (3ms)
		BackupInstance (0ms)
		ReleaseScriptingObjects (0ms)
		CreateAndSetChildDomain (20ms)
	RebuildCommonClasses (22ms)
	RebuildNativeTypeToScriptingClass (7ms)
	initialDomainReloadingComplete (21ms)
	LoadAllAssembliesAndSetupDomain (158ms)
		LoadAssemblies (212ms)
		RebuildTransferFunctionScriptingTraits (0ms)
		AnalyzeDomain (10ms)
			TypeCache.Refresh (4ms)
				TypeCache.ScanAssembly (0ms)
			ScanForSourceGeneratedMonoScriptInfo (0ms)
			ResolveRequiredComponents (4ms)
	FinalizeReload (864ms)
		ReleaseScriptCaches (0ms)
		RebuildScriptCaches (0ms)
		SetupLoadedEditorAssemblies (418ms)
			LogAssemblyErrors (0ms)
			InitializePlatformSupportModulesInManaged (9ms)
			SetLoadedEditorAssemblies (3ms)
			RefreshPlugins (0ms)
			BeforeProcessingInitializeOnLoad (48ms)
			ProcessInitializeOnLoadAttributes (336ms)
			ProcessInitializeOnLoadMethodAttributes (14ms)
			AfterProcessingInitializeOnLoad (8ms)
			EditorAssembliesLoaded (0ms)
		ExecutionOrderSort2 (0ms)
		AwakeInstancesAfterBackupRestoration (5ms)
Refreshing native plugins compatible for Editor in 2.95 ms, found 3 plugins.
Preloading 0 native plugins for Editor in 0.00 ms.
Unloading 3318 Unused Serialized files (Serialized files now loaded: 0)
Unloading 14 unused Assets / (28.5 KB). Loaded Objects now: 3869.
Memory consumption went from 131.9 MB to 131.8 MB.
Total: 2.130100 ms (FindLiveObjects: 0.148800 ms CreateObjectMapping: 0.044400 ms MarkObjects: 1.903600 ms  DeleteObjects: 0.032800 ms)

Prepare: number of updated asset objects reloaded= 0
AssetImportParameters requested are different than current active one (requested -> active):
  custom:scripting/monoscript/fileName/PlayerRespawnTrigger.cs: 14bd8d676f8438f2690abb49647cc3e5 -> 
  custom:scripting/monoscript/fileName/tpfloor.cs: 771145b79e45e534dde4e24c390e6667 -> 
  custom:container-demuxer-ogg: 62fdf1f143b41e24485cea50d1cbac27 -> 
  custom:scripting/monoscript/fileName/itemsortappear.cs: f6fe4337b857d5baf217ca29701a92d3 -> 
  custom:scripting/monoscript/fileName/Esc_continue.cs: b1f7741ea69331c1c6ca33d04f27acf1 -> 
  custom:video-codec-MediaFoundation-h265: 746d11721c4dcdbdad8f713fa42b33f4 -> 
  custom:scripting/monoscript/fileName/EyeOpenUI.cs: 6eacfc4475f5138cad33a83eff17978e -> 
  custom:video-decoder-ogg-theora: a1e56fd34408186e4bbccfd4996cb3dc -> 
  custom:framework-win-MediaFoundation: 216162199b28c13a410421893ffa2e32 -> 
  custom:scripting/monoscript/fileName/keyboarddetect.cs: e4515e4cba37cc0ee92fbdb80a72e7e6 -> 
  custom:scripting/monoscript/fileName/IntroLookAround.cs: 4b7ab11ed67558807482f4b1d120e1e5 -> 
  custom:scripting/monoscript/fileName/getitemvisible.cs: ca4feb7280f1f1416ae53558670e511a -> 
  custom:scripting/monoscript/fileName/ButtonHoverEffect.cs: d1155d57e5d2579de9ebbadd6d4467bd -> 
  custom:scripting/monoscript/fileName/ButtonDelay.cs: 852aba5c64d4cd27d05eafb69eb35de4 -> 
  custom:CustomObjectIndexerAttribute: 9a22284fe3817be447336de3de66b15e -> 
  custom:scripting/monoscript/fileName/control_ViewType.cs: 8a0579fdbcfca37646a771c85b5672a5 -> 
  custom:container-demuxer-webm: 4f35f7cbe854078d1ac9338744f61a02 -> 
  custom:scripting/monoscript/fileName/trigger_teachUI.cs: d62051537dd61a9321e6e4473cd71798 -> 
  custom:scripting/monoscript/fileName/countdown.cs: 3f8d945ee58288dfd00d222bc95ea123 -> 
  custom:scripting/monoscript/fileName/PlayerMovement_3D.cs: d4b7e47826cc1959459a41cddd821cde -> 
  custom:scripting/monoscript/fileName/free camera.cs: 55f55645360202980964dcb118805b36 -> 
  custom:scripting/monoscript/fileName/switchitemusing.cs: 5456346e92e9792590e802f37719f25a -> 
  custom:scripting/monoscript/fileName/EscUI.cs: 8af6f1d2843f05e65dc7a5f848af33b4 -> 
  custom:container-muxer-webm: aa71ff27fc2769a1b78a27578f13a17b -> 
  custom:scripting/monoscript/fileName/isplay.cs: b29da971a71b639ad17186f1403c3527 -> 
  custom:scripting/monoscript/fileName/healthsystem.cs: bd4e4c503603584840c0ff8918fa8a22 -> 
  custom:video-decoder-webm-vp8: 9c59270c3fd7afecdb556c50c9e8de78 -> 
  custom:scripting/monoscript/fileName/switch_scenes.cs: a81050d8493857ad4e1435186dde9392 -> 
  custom:SearchIndexIgnoredProperties: e643bd26f0fe6173181afceb89e7c659 -> 
  custom:AudioImporter_EditorPlatform: d09bf68614088b80899f8185d706f6e7 -> 
  custom:scripting/monoscript/fileName/getitem.cs: d3bd8001b10ab21eab0188a513fa79fa -> 
  custom:scripting/monoscript/fileName/QuitGame.cs: 5b669f1f803e6c3e0b708e144b6aaea5 -> 
  custom:scripting/monoscript/fileName/MouseLook.cs: 02bafd22af827e561c2131ae88bbd075 -> 
  custom:scripting/monoscript/fileName/Cameracontroller.cs: 9afc567523072d385e7e839f14f42a40 -> 
  custom:scripting/monoscript/fileName/xelevator.cs: e93ed92cbb2703f562d55b4ddd58563f -> 
  custom:video-encoder-webm-vp8: eb34c28f22e8b96e1ab97ce403110664 -> 
  custom:audio-decoder-ogg-vorbis: bf7c407c2cedff20999df2af8eb42d56 -> 
  custom:scripting/monoscript/fileName/yelevator.cs: c141b14ec7d10fba8822bad1447fd280 -> 
  custom:scripting/monoscript/fileName/rotationchanging.cs: b97d83ab6079bc42d6085832cda27eac -> 
  custom:audio-encoder-webm-vorbis: bf7c407c2cedff20999df2af8eb42d56 -> 
  custom:scripting/monoscript/fileName/IntroSequence.cs: ef7e8d6dcf98f70c017e513839b94a4f -> 
  custom:scripting/monoscript/fileName/switchcamera.cs: 42fa7a71a56a19c9d592c1b3ebbc62b5 -> 
  custom:scripting/precompiled-assembly-types:Assembly-CSharp: 9ab29898f29df018c0e78cd6d1c14051 -> fe84cd4711c0c308e5a0f0af3923322a
  custom:scripting/monoscript/fileName/walldetector.cs: 66a9754d1fead0e50969fc7677bb91bb -> 
  custom:scripting/monoscript/fileName/PlayerMovement_2D.cs: cae5de960c47d0e9127166bb8cd534f3 -> 
========================================================================
Received Prepare
Caller must complete domain reload
Begin MonoManager ReloadAssembly
- Loaded All Assemblies, in  0.335 seconds
Native extension for UWP target not found
Native extension for WindowsStandalone target not found
Native extension for WebGL target not found
Mono: successfully reloaded assembly
- Finished resetting the current domain, in  0.895 seconds
Domain Reload Profiling: 1227ms
	BeginReloadAssembly (118ms)
		ExecutionOrderSort (0ms)
		DisableScriptedObjects (4ms)
		BackupInstance (0ms)
		ReleaseScriptingObjects (0ms)
		CreateAndSetChildDomain (21ms)
	RebuildCommonClasses (24ms)
	RebuildNativeTypeToScriptingClass (7ms)
	initialDomainReloadingComplete (24ms)
	LoadAllAssembliesAndSetupDomain (159ms)
		LoadAssemblies (215ms)
		RebuildTransferFunctionScriptingTraits (0ms)
		AnalyzeDomain (10ms)
			TypeCache.Refresh (4ms)
				TypeCache.ScanAssembly (0ms)
			ScanForSourceGeneratedMonoScriptInfo (0ms)
			ResolveRequiredComponents (4ms)
	FinalizeReload (896ms)
		ReleaseScriptCaches (0ms)
		RebuildScriptCaches (0ms)
		SetupLoadedEditorAssemblies (429ms)
			LogAssemblyErrors (0ms)
			InitializePlatformSupportModulesInManaged (11ms)
			SetLoadedEditorAssemblies (3ms)
			RefreshPlugins (0ms)
			BeforeProcessingInitializeOnLoad (53ms)
			ProcessInitializeOnLoadAttributes (340ms)
			ProcessInitializeOnLoadMethodAttributes (14ms)
			AfterProcessingInitializeOnLoad (9ms)
			EditorAssembliesLoaded (0ms)
		ExecutionOrderSort2 (0ms)
		AwakeInstancesAfterBackupRestoration (6ms)
Refreshing native plugins compatible for Editor in 3.88 ms, found 3 plugins.
Preloading 0 native plugins for Editor in 0.00 ms.
Unloading 3318 Unused Serialized files (Serialized files now loaded: 0)
Unloading 14 unused Assets / (28.5 KB). Loaded Objects now: 3873.
Memory consumption went from 131.9 MB to 131.9 MB.
Total: 2.025100 ms (FindLiveObjects: 0.145600 ms CreateObjectMapping: 0.044300 ms MarkObjects: 1.807300 ms  DeleteObjects: 0.027000 ms)

Prepare: number of updated asset objects reloaded= 0
AssetImportParameters requested are different than current active one (requested -> active):
  custom:scripting/monoscript/fileName/PlayerRespawnTrigger.cs: 14bd8d676f8438f2690abb49647cc3e5 -> 
  custom:scripting/monoscript/fileName/tpfloor.cs: 771145b79e45e534dde4e24c390e6667 -> 
  custom:container-demuxer-ogg: 62fdf1f143b41e24485cea50d1cbac27 -> 
  custom:scripting/monoscript/fileName/itemsortappear.cs: f6fe4337b857d5baf217ca29701a92d3 -> 
  custom:scripting/monoscript/fileName/Esc_continue.cs: b1f7741ea69331c1c6ca33d04f27acf1 -> 
  custom:video-codec-MediaFoundation-h265: 746d11721c4dcdbdad8f713fa42b33f4 -> 
  custom:scripting/monoscript/fileName/EyeOpenUI.cs: 6eacfc4475f5138cad33a83eff17978e -> 
  custom:video-decoder-ogg-theora: a1e56fd34408186e4bbccfd4996cb3dc -> 
  custom:framework-win-MediaFoundation: 216162199b28c13a410421893ffa2e32 -> 
  custom:scripting/monoscript/fileName/keyboarddetect.cs: e4515e4cba37cc0ee92fbdb80a72e7e6 -> 
  custom:scripting/monoscript/fileName/IntroLookAround.cs: 4b7ab11ed67558807482f4b1d120e1e5 -> 
  custom:scripting/monoscript/fileName/getitemvisible.cs: ca4feb7280f1f1416ae53558670e511a -> 
  custom:scripting/monoscript/fileName/ButtonHoverEffect.cs: d1155d57e5d2579de9ebbadd6d4467bd -> 
  custom:scripting/monoscript/fileName/ButtonDelay.cs: 852aba5c64d4cd27d05eafb69eb35de4 -> 
  custom:CustomObjectIndexerAttribute: 9a22284fe3817be447336de3de66b15e -> 
  custom:scripting/monoscript/fileName/control_ViewType.cs: 8a0579fdbcfca37646a771c85b5672a5 -> 
  custom:container-demuxer-webm: 4f35f7cbe854078d1ac9338744f61a02 -> 
  custom:scripting/monoscript/fileName/trigger_teachUI.cs: d62051537dd61a9321e6e4473cd71798 -> 
  custom:scripting/monoscript/fileName/countdown.cs: 3f8d945ee58288dfd00d222bc95ea123 -> 
  custom:scripting/monoscript/fileName/PlayerMovement_3D.cs: d4b7e47826cc1959459a41cddd821cde -> 
  custom:scripting/monoscript/fileName/free camera.cs: 55f55645360202980964dcb118805b36 -> 
  custom:scripting/monoscript/fileName/switchitemusing.cs: 5456346e92e9792590e802f37719f25a -> 
  custom:scripting/monoscript/fileName/EscUI.cs: 8af6f1d2843f05e65dc7a5f848af33b4 -> 
  custom:container-muxer-webm: aa71ff27fc2769a1b78a27578f13a17b -> 
  custom:scripting/monoscript/fileName/isplay.cs: b29da971a71b639ad17186f1403c3527 -> 
  custom:scripting/monoscript/fileName/healthsystem.cs: bd4e4c503603584840c0ff8918fa8a22 -> 
  custom:video-decoder-webm-vp8: 9c59270c3fd7afecdb556c50c9e8de78 -> 
  custom:scripting/monoscript/fileName/switch_scenes.cs: a81050d8493857ad4e1435186dde9392 -> 
  custom:SearchIndexIgnoredProperties: e643bd26f0fe6173181afceb89e7c659 -> 
  custom:AudioImporter_EditorPlatform: d09bf68614088b80899f8185d706f6e7 -> 
  custom:scripting/monoscript/fileName/getitem.cs: d3bd8001b10ab21eab0188a513fa79fa -> 
  custom:scripting/monoscript/fileName/QuitGame.cs: 5b669f1f803e6c3e0b708e144b6aaea5 -> 
  custom:scripting/monoscript/fileName/MouseLook.cs: 02bafd22af827e561c2131ae88bbd075 -> 
  custom:scripting/monoscript/fileName/Cameracontroller.cs: 9afc567523072d385e7e839f14f42a40 -> 
  custom:scripting/monoscript/fileName/xelevator.cs: e93ed92cbb2703f562d55b4ddd58563f -> 
  custom:video-encoder-webm-vp8: eb34c28f22e8b96e1ab97ce403110664 -> 
  custom:audio-decoder-ogg-vorbis: bf7c407c2cedff20999df2af8eb42d56 -> 
  custom:scripting/monoscript/fileName/yelevator.cs: c141b14ec7d10fba8822bad1447fd280 -> 
  custom:scripting/monoscript/fileName/rotationchanging.cs: b97d83ab6079bc42d6085832cda27eac -> 
  custom:audio-encoder-webm-vorbis: bf7c407c2cedff20999df2af8eb42d56 -> 
  custom:scripting/monoscript/fileName/IntroSequence.cs: ef7e8d6dcf98f70c017e513839b94a4f -> 
  custom:scripting/monoscript/fileName/switchcamera.cs: 42fa7a71a56a19c9d592c1b3ebbc62b5 -> 
  custom:scripting/precompiled-assembly-types:Assembly-CSharp: 9ab29898f29df018c0e78cd6d1c14051 -> fe84cd4711c0c308e5a0f0af3923322a
  custom:scripting/monoscript/fileName/walldetector.cs: 66a9754d1fead0e50969fc7677bb91bb -> 
  custom:scripting/monoscript/fileName/PlayerMovement_2D.cs: cae5de960c47d0e9127166bb8cd534f3 -> 
